40000
39800
39601
39600
39402
39400
39204
39203
39200
39006
39004
39000
38809
38808
38805
38800
38612
38610
38606
38600
38416
38415
38412
38407
38400
38220
38218
38214
38208
38200
38025
38024
38021
38016
38009
38000
37830
37828
37824
37818
37810
37800
37636
37635
37632
37627
37620
37611
37600
37442
37440
37436
37430
37422
37412
37400
37249
37248
37245
37240
37233
37224
37213
37200
37056
37054
37050
37044
37036
37026
37014
37000
36864
36863
36860
36855
36848
36839
36828
36815
36800
36672
36670
36666
36660
36652
36642
36630
36616
36600
36481
36480
36477
36472
36465
36456
36445
36432
36417
36400
36290
36288
36284
36278
36270
36260
36248
36234
36218
36200
36100
36099
36096
36091
36084
36075
36064
36051
36036
36019
36000
35910
35908
35904
35898
35890
35880
35868
35854
35838
35820
35800
35721
35720
35717
35712
35705
35696
35685
35672
35657
35640
35621
35600
35532
35530
35526
35520
35512
35502
35490
35476
35460
35442
35422
35400
35344
35343
35340
35335
35328
35319
35308
35295
35280
35263
35244
35223
35200
35156
35154
35150
35144
35136
35126
35114
35100
35084
35066
35046
35024
35000
34969
34968
34965
34960
34953
34944
34933
34920
34905
34888
34869
34848
34825
34800
34782
34780
34776
34770
34762
34752
34740
34726
34710
34692
34672
34650
34626
34600
34596
34595
34592
34587
34580
34571
34560
34547
34532
34515
34496
34475
34452
34427
34410
34408
34404
34400
34398
34390
34380
34368
34354
34338
34320
34300
34278
34254
34228
34225
34224
34221
34216
34209
34200
34189
34176
34161
34144
34125
34104
34081
34056
34040
34038
34034
34029
34028
34020
34010
34000
33998
33984
33968
33950
33930
33908
33884
33858
33856
33855
33852
33847
33840
33831
33830
33820
33807
33800
33792
33775
33756
33735
33712
33687
33672
33670
33666
33660
33652
33642
33631
33630
33616
33600
33582
33562
33540
33516
33490
33489
33488
33485
33480
33473
33464
33462
33453
33440
33432
33425
33408
33400
33389
33368
33345
33320
33306
33304
33300
33294
33293
33286
33276
33264
33250
33234
33233
33216
33200
33196
33174
33150
33124
33123
33120
33115
33108
33099
33096
33088
33075
33066
33060
33043
33034
33024
33003
33000
32980
32955
32942
32940
32936
32930
32928
32922
32912
32900
32899
32886
32870
32868
32852
32835
32832
32810
32800
32786
32761
32760
32757
32752
32745
32736
32732
32725
32712
32702
32697
32680
32670
32661
32640
32636
32617
32600
32592
32580
32578
32574
32568
32565
32560
32550
32538
32536
32524
32508
32505
32490
32472
32470
32448
32437
32424
32400
32399
32398
32396
32391
32384
32375
32370
32364
32351
32340
32336
32319
32308
32300
32279
32274
32256
32238
32231
32220
32218
32214
32208
32204
32200
32190
32178
32175
32164
32148
32144
32130
32111
32110
32088
32076
32064
32041
32040
32039
32038
32037
32032
32025
32016
32010
32005
32000
31992
31980
31977
31960
31948
31941
31920
31914
31897
31878
31872
31862
31860
31856
31850
31845
31842
31840
31832
31820
31816
31806
31800
31790
31785
31772
31752
31730
31717
31706
31684
31683
31680
31675
31668
31659
31652
31648
31641
31635
31622
31620
31603
31600
31590
31584
31563
31556
31540
31520
31515
31506
31504
31500
31494
31488
31486
31482
31476
31464
31459
31450
31442
31434
31428
31416
31400
31396
31395
31374
31360
31350
31329
31328
31325
31324
31323
31320
31313
31304
31296
31293
31284
31280
31266
31265
31248
31243
31234
31229
31208
31200
31185
31164
31160
31152
31150
31146
31140
31133
31132
31126
31122
31110
31104
31096
31086
31080
31073
31062
31044
31042
31040
31020
31005
31000
30996
30976
30975
30972
30970
30968
30967
30960
30951
30942
30940
30929
30927
30912
30895
30888
30880
30876
30855
30846
30845
30832
30810
30807
30800
30798
30794
30788
30780
30772
30770
30758
30751
30744
30732
30728
30720
30710
30690
30687
30668
30652
30646
30644
30625
30624
30621
30618
30616
30615
30609
30600
30590
30589
30576
30561
30560
30544
30535
30528
30525
30504
30494
30492
30481
30458
30456
30450
30448
30447
30444
30438
30430
30429
30420
30408
30400
30394
30380
30378
30369
30360
30340
30338
30336
30318
30301
30294
30276
30275
30272
30268
30267
30264
30260
30251
30248
30240
30227
30225
30212
30210
30200
30195
30184
30178
30176
30155
30144
30141
30132
30108
30107
30102
30100
30096
30090
30082
30080
30072
30070
30060
30051
30049
30046
30030
30020
30012
30000
29992
29988
29987
29970
29952
29946
29944
29929
29928
29925
29920
29915
29913
29904
29898
29893
29892
29880
29876
29865
29862
29850
29848
29835
29830
29829
29808
29800
29796
29792
29785
29760
29756
29754
29750
29747
29744
29736
29733
29726
29722
29714
29704
29700
29684
29682
29673
29666
29651
29646
29640
29624
29605
29600
29596
29584
29583
29580
29575
29574
29568
29559
29550
29548
29546
29535
29529
29520
29516
29503
29502
29488
29484
29463
29452
29450
29445
29440
29415
29414
29412
29410
29406
29400
29392
29388
29382
29376
29370
29359
29356
29353
29340
29336
29328
29322
29304
29302
29295
29294
29280
29260
29256
29253
29250
29241
29240
29237
29232
29230
29225
29223
29216
29205
29204
29202
29200
29192
29184
29177
29172
29160
29156
29143
29141
29140
29120
29106
29100
29097
29072
29070
29068
29064
29058
29055
29054
29050
29045
29040
29032
29028
29016
29014
29008
29000
28998
28992
28985
28980
28960
28959
28952
28950
28938
28917
28914
28908
28906
28900
28899
28896
28891
28888
28884
28880
28875
28864
28860
28855
28851
28841
28836
28830
28819
28812
28800
28798
28779
28764
28762
28757
28756
28731
28730
28728
28724
28718
28712
28710
28704
28700
28690
28688
28675
28674
28665
28658
28656
28650
28644
28640
28620
28616
28611
28608
28600
28598
28576
28574
28565
28564
28561
28560
28557
28552
28548
28545
28539
28536
28525
28520
28518
28512
28500
28497
28490
28480
28470
28461
28459
28458
28457
28440
28424
28420
28417
28416
28400
28392
28390
28388
28386
28380
28372
28371
28368
28365
28362
28350
28336
28324
28320
28314
28310
28305
28302
28282
28275
28272
28268
28260
28258
28237
28236
28224
28223
28220
28215
28210
28208
28200
28199
28188
28182
28178
28175
28171
28161
28160
28152
28143
28130
28124
28120
28116
28103
28086
28080
28077
28059
28056
28055
28054
28050
28044
28036
28032
28028
28026
28014
28012
28000
27999
27985
27984
27974
27972
27968
27966
27946
27936
27935
27930
27924
27918
27900
27889
27888
27886
27885
27880
27874
27873
27864
27863
27860
27853
27846
27840
27832
27825
27824
27816
27808
27800
27792
27789
27784
27783
27777
27768
27750
27745
27742
27740
27722
27720
27716
27714
27710
27702
27695
27693
27692
27690
27680
27676
27666
27664
27661
27650
27648
27636
27633
27632
27612
27600
27599
27594
27590
27580
27566
27565
27556
27555
27552
27550
27548
27547
27540
27531
27528
27522
27520
27512
27507
27504
27495
27492
27489
27482
27475
27462
27456
27450
27448
27440
27435
27416
27412
27406
27405
27400
27390
27388
27387
27384
27383
27380
27378
27370
27360
27354
27348
27342
27334
27331
27324
27318
27313
27302
27300
27280
27267
27264
27263
27260
27258
27244
27234
27232
27225
27224
27221
27216
27213
27209
27208
27200
27195
27189
27186
27180
27176
27170
27161
27160
27156
27150
27144
27126
27125
27122
27118
27115
27105
27104
27084
27081
27072
27064
27060
27058
27056
27054
27048
27040
27030
27029
27027
27020
27018
27010
27004
27000
26989
26988
26980
26970
26969
26966
26950
26936
26931
26928
26910
26904
26901
26896
26895
26892
26887
26884
26880
26878
26871
26865
26864
26860
26852
26850
26847
26838
26832
26827
26825
26820
26815
26800
26796
26792
26790
26788
26784
26775
26772
26754
26752
26741
26740
26732
26730
26727
26726
26720
26718
26715
26712
26702
26700
26696
26690
26688
26680
26676
26671
26666
26660
26656
26649
26642
26640
26634
26622
26607
26600
26598
26595
26578
26576
26572
26569
26568
26565
26560
26554
26553
26550
26549
26544
26535
26533
26532
26522
26520
26508
26505
26496
26492
26488
26469
26467
26460
26455
26448
26441
26426
26425
26412
26410
26406
26404
26400
26398
26394
26390
26386
26384
26376
26373
26367
26364
26358
26352
26350
26344
26334
26325
26320
26316
26313
26312
26304
26296
26280
26274
26271
26270
26268
26264
26250
26248
26245
26244
26243
26240
26235
26228
26226
26224
26220
26219
26208
26201
26200
26196
26195
26190
26180
26169
26167
26166
26163
26144
26136
26134
26132
26130
26128
26123
26112
26100
26085
26082
26080
26076
26075
26070
26069
26068
26064
26062
26055
26052
26048
26040
26030
26026
26019
26010
26004
26000
25996
25993
25992
25988
25986
25976
25972
25955
25950
25944
25938
25935
25926
25921
25920
25917
25912
25905
25900
25896
25893
25885
25883
25872
25870
25862
25857
25854
25844
25842
25840
25821
25810
25807
25806
25803
25802
25800
25785
25777
25776
25760
25758
25756
25754
25752
25748
25740
25730
25728
25725
25718
25715
25704
25702
25696
25688
25676
25671
25670
25669
25668
25665
25662
25650
25632
25628
25620
25619
25610
25608
25604
25600
25599
25597
25596
25594
25591
25584
25578
25576
25575
25568
25564
25560
25551
25550
25545
25542
25536
25530
25521
25520
25519
25515
25500
25488
25482
25480
25479
25476
25472
25460
25456
25454
25440
25438
25437
25434
25432
25431
25428
25420
25418
25414
25413
25410
25404
25403
25400
25398
25392
25384
25380
25375
25368
25350
25345
25344
25340
25330
25326
25311
25308
25298
25296
25284
25283
25281
25280
25277
25276
25273
25272
25270
25265
25258
25256
25254
25245
25239
25232
25230
25220
25217
25216
25212
25208
25200
25192
25181
25168
25160
25159
25155
25152
25146
25137
25134
25122
25120
25116
25112
25110
25102
25098
25092
25090
25088
25085
25080
25074
25071
25066
25060
25058
25056
25050
25032
25026
25025
25024
25021
25020
25019
25012
25004
25000
24992
24990
24978
24975
24966
24964
24963
24960
24957
24955
24948
24940
24939
24934
24928
24924
24920
24915
24912
24900
24897
24892
24890
24888
24883
24882
24881
24875
24871
24864
24850
24843
24840
24832
24830
24822
24820
24816
24806
24804
24800
24797
24795
24794
24790
24786
24780
24776
24768
24765
24764
24759
24752
24750
24742
24739
24738
24734
24716
24708
24705
24704
24702
24700
24696
24684
24676
24675
24674
24660
24656
24650
24649
24648
24645
24640
24639
24638
24633
24628
24625
24624
24616
24613
24605
24603
24600
24596
24585
24576
24570
24568
24566
24564
24552
24549
24534
24528
24523
24522
24511
24510
24505
24500
24497
24492
24490
24486
24480
24477
24472
24464
24462
24453
24450
24448
24444
24440
24436
24435
24428
24426
24424
24420
24402
24400
24393
24388
24386
24384
24382
24381
24375
24366
24360
24354
24344
24339
24336
24335
24332
24327
24325
24320
24318
24311
24310
24304
24300
24288
24287
24282
24278
24272
24257
24255
24254
24252
24250
24249
24236
24235
24231
24220
24215
24208
24206
24200
24192
24186
24180
24178
24174
24168
24167
24165
24160
24156
24150
24140
24138
24130
24125
24124
24123
24120
24112
24111
24108
24104
24090
24080
24079
24073
24072
24070
24066
24064
24056
24050
24048
24047
24034
24030
24025
24024
24021
24016
24012
24009
24003
24000
23998
23994
23989
23986
23985
23976
23975
23973
23970
23961
23958
23944
23940
23936
23932
23925
23920
23912
23908
23904
23895
23892
23881
23880
23876
23875
23874
23870
23868
23865
23864
23862
23858
23856
23852
23850
23842
23840
23838
23837
23829
23828
23814
23808
23807
23800
23798
23790
23780
23769
23760
23750
23749
23739
23738
23736
23718
23716
23715
23714
23712
23711
23707
23701
23700
23691
23688
23684
23681
23680
23674
23668
23667
23664
23660
23652
23640
23635
23630
23628
23625
23622
23616
23607
23600
23598
23595
23584
23580
23572
23564
23562
23560
23556
23552
23550
23547
23546
23542
23541
23532
23530
23528
23520
23506
23500
23496
23495
23493
23491
23490
23482
23478
23474
23472
23460
23452
23450
23449
23443
23436
23430
23427
23424
23409
23408
23406
23405
23400
23393
23392
23384
23380
23375
23373
23370
23368
23364
23360
23355
23353
23352
23349
23345
23328
23324
23322
23318
23316
23312
23310
23309
23302
23296
23290
23288
23283
23280
23275
23270
23265
23256
23254
23250
23247
23246
23244
23241
23240
23236
23232
23226
23220
23214
23213
23205
23200
23188
23187
23184
23182
23180
23168
23166
23160
23153
23146
23142
23140
23128
23125
23124
23120
23114
23111
23104
23103
23100
23095
23091
23088
23086
23085
23084
23079
23074
23068
23064
23058
23056
23055
23049
23048
23046
23040
23023
23016
23010
23009
23004
23001
23000
22990
22987
22984
22983
22968
22967
22962
22960
22952
22950
22946
22940
22936
22935
22932
22925
22922
22920
22914
22912
22910
22908
22896
22892
22885
22880
22879
22878
22876
22875
22869
22862
22860
22852
22848
22842
22836
22833
22820
22816
22815
22814
22806
22801
22800
22797
22796
22794
22792
22785
22784
22780
22776
22774
22770
22765
22755
22752
22750
22748
22743
22742
22737
22736
22733
22729
22720
22712
22704
22701
22698
22692
22686
22680
22663
22657
22656
22655
22650
22648
22646
22644
22638
22632
22630
22627
22625
22620
22610
22608
22606
22605
22600
22594
22581
22578
22576
22575
22572
22570
22568
22560
22554
22545
22540
22538
22532
22528
22518
22512
22509
22506
22504
22500
22499
22496
22494
22491
22490
22487
22484
22479
22477
22475
22468
22464
22458
22451
22448
22446
22444
22440
22436
22428
22425
22420
22419
22410
22401
22400
22388
22386
22385
22379
22378
22375
22374
22372
22360
22356
22352
22350
22348
22347
22344
22338
22331
22330
22326
22320
22317
22310
22308
22304
22302
22294
22288
22278
22275
22272
22270
22264
22263
22261
22260
22253
22250
22244
22240
22230
22225
22218
22211
22204
22201
22200
22197
22196
22195
22194
22192
22188
22185
22184
22176
22168
22165
22156
22152
22148
22144
22143
22140
22139
22137
22134
22125
22120
22116
22113
22110
22101
22100
22098
22089
22082
22080
22078
22072
22066
22064
22059
22057
22052
22050
22046
22044
22040
22035
22032
22022
22017
22016
22015
22010
22008
22005
22002
22000
21996
21980
21978
21976
21971
21970
21965
21962
21960
21952
21948
21945
21942
21930
21924
21922
21920
21912
21904
21903
21901
21900
21896
21895
21894
21890
21888
21879
21877
21875
21870
21868
21867
21855
21850
21844
21842
21840
21838
21830
21824
21823
21812
21809
21808
21804
21801
21800
21798
21783
21780
21777
21774
21771
21762
21760
21756
21754
21750
21746
21744
21736
21735
21728
21726
21720
21717
21716
21714
21712
21710
21708
21700
21696
21692
21691
21684
21679
21672
21670
21666
21660
21659
21658
21648
21646
21645
21632
21625
21624
21620
21616
21615
21609
21608
21605
21600
21594
21593
21590
21584
21583
21582
21580
21576
21574
21573
21560
21546
21545
21543
21539
21538
21534
21528
21525
21516
21509
21505
21504
21500
21492
21488
21484
21480
21476
21473
21472
21470
21465
21463
21462
21460
21456
21452
21450
21442
21440
21432
21423
21420
21417
21414
21413
21411
21406
21402
21400
21392
21390
21384
21376
21375
21372
21364
21360
21358
21357
21353
21352
21350
21344
21340
21336
21330
21328
21320
21318
21316
21315
21312
21307
21306
21301
21300
21296
21294
21293
21291
21285
21280
21279
21276
21275
21267
21255
21252
21250
21248
21244
21240
21235
21230
21228
21222
21216
21209
21204
21201
21200
21195
21190
21186
21182
21177
21175
21172
21170
21168
21164
21160
21158
21156
21150
21147
21146
21140
21131
21128
21125
21122
21120
21114
21112
21106
21098
21094
21091
21090
21082
21080
21079
21063
21060
21056
21054
21045
21042
21038
21037
21033
21027
21025
21024
21021
21018
21016
21014
21010
21009
21004
21000
20996
20992
20989
20988
20984
20979
20976
20972
20961
20960
20956
20955
20952
20944
20943
20933
20930
20928
20925
20916
20910
20905
20904
20900
20898
20895
20886
20882
20881
20880
20878
20875
20874
20868
20865
20864
20862
20860
20856
20850
20844
20838
20832
20829
20828
20826
20825
20824
20819
20815
20812
20808
20800
20792
20790
20787
20776
20770
20769
20768
20764
20760
20758
20757
20750
20748
20740
20736
20735
20732
20727
20724
20720
20711
20710
20709
20708
20706
20701
20700
20698
20696
20691
20687
20685
20680
20679
20672
20670
20664
20655
20651
20650
20648
20646
20640
20636
20634
20628
20625
20618
20615
20608
20601
20600
20592
20590
20587
20586
20585
20584
20580
20574
20572
20570
20567
20566
20564
20562
20550
20544
20541
20540
20538
20536
20535
20532
20520
20511
20502
20500
20497
20496
20492
20488
20482
20480
20475
20470
20468
20460
20458
20453
20449
20448
20447
20445
20440
20437
20436
20433
20424
20418
20416
20414
20413
20412
20410
20406
20400
20394
20385
20384
20383
20382
20375
20374
20370
20368
20358
20355
20352
20350
20349
20340
20336
20330
20328
20320
20313
20306
20305
20304
20300
20298
20296
20295
20294
20292
20291
20286
20280
20276
20274
20272
20265
20264
20253
20252
20250
20246
20241
20240
20234
20230
20227
20224
20223
20216
20212
20207
20202
20200
20196
20193
20188
20184
20178
20176
20174
20172
20165
20164
20163
20160
20155
20150
20148
20140
20139
20130
20128
20125
20124
20116
20115
20114
20111
20100
20099
20096
20094
20091
20088
20086
20085
20083
20072
20068
20066
20064
20060
20056
20055
20049
20048
20043
20040
20034
20022
20020
20016
20010
20009
20008
20007
20002
20001
20000
19998
19995
19992
19982
19980
19968
19966
19965
19964
19952
19950
19947
19942
19939
19936
19932
19928
19926
19920
19912
19910
19908
19902
19900
19897
19895
19890
19888
19886
19881
19880
19879
19877
19875
19873
19872
19869
19866
19865
19864
19856
19845
19844
19840
19838
19836
19832
19824
19822
19817
19812
19803
19800
19796
19795
19788
19782
19781
19780
19776
19775
19773
19764
19760
19758
19754
19750
19740
19738
19737
19734
19729
19728
19723
19722
19720
19716
19712
19710
19706
19701
19700
19698
19695
19690
19688
19686
19685
19684
19680
19673
19668
19665
19662
19656
19650
19647
19642
19635
19630
19625
19620
19610
19608
19604
19602
19600
19599
19596
19594
19592
19591
19588
19584
19581
19580
19575
19570
19564
19560
19558
19557
19552
19551
19550
19549
19548
19539
19536
19530
19520
19519
19516
19511
19504
19503
19502
19500
19494
19493
19488
19482
19481
19479
19474
19470
19468
19467
19460
19458
19456
19454
19448
19440
19436
19435
19434
19431
19430
19425
19422
19418
19404
19402
19400
19398
19397
19392
19388
19380
19376
19375
19372
19370
19367
19364
19360
19352
19350
19344
19332
19328
19323
19321
19320
19317
19314
19312
19311
19306
19305
19304
19303
19300
19296
19293
19292
19291
19285
19278
19276
19272
19266
19264
19261
19260
19257
19256
19250
19240
19239
19234
19224
19221
19220
19215
19210
19208
19206
19205
19203
19200
19190
19188
19186
19184
19182
19180
19177
19176
19170
19162
19159
19158
19154
19153
19152
19140
19136
19126
19125
19118
19116
19110
19109
19107
19104
19100
19097
19096
19092
19090
19089
19080
19075
19074
19072
19071
19065
19055
19050
19046
19044
19043
19040
19038
19035
19032
19030
19028
19026
19024
19019
19012
19008
19005
19000
18998
18997
18995
18988
18984
18981
18980
18975
18974
18972
18966
18963
18960
18954
18952
18944
18942
18939
18928
18924
18923
18921
18920
18915
18914
18912
18910
18909
18908
18906
18905
18904
18900
18894
18887
18886
18880
18876
18875
18871
18870
18868
18864
18860
18857
18850
18849
18848
18840
18837
18834
18832
18824
18819
18818
18816
18810
18802
18800
18796
18795
18792
18788
18786
18774
18769
18768
18765
18762
18760
18759
18758
18755
18753
18750
18748
18746
18745
18744
18733
18725
18724
18721
18720
18718
18715
18711
18706
18705
18704
18700
18696
18690
18688
18685
18684
18683
18676
18669
18666
18656
18648
18645
18644
18643
18639
18634
18632
18630
18626
18625
18624
18620
18618
18616
18612
18603
18602
18600
18592
18590
18585
18584
18582
18576
18573
18564
18560
18550
18544
18542
18540
18537
18532
18530
18528
18527
18526
18525
18522
18518
18515
18513
18512
18511
18507
18500
18496
18495
18492
18487
18486
18483
18480
18476
18471
18468
18462
18460
18450
18447
18445
18444
18437
18432
18430
18426
18424
18422
18421
18419
18415
18414
18408
18404
18400
18396
18392
18382
18375
18370
18369
18368
18360
18358
18354
18352
18348
18340
18338
18336
18335
18334
18333
18330
18328
18327
18326
18321
18318
18315
18312
18308
18306
18304
18300
18297
18290
18288
18285
18281
18271
18270
18260
18258
18256
18252
18250
18240
18236
18232
18231
18228
18225
18224
18221
18216
18212
18209
18207
18204
18203
18200
18193
18190
18189
18180
18178
18176
18172
18170
18165
18161
18156
18150
18145
18144
18142
18139
18135
18130
18128
18126
18125
18124
18120
18117
18109
18104
18100
18096
18094
18093
18090
18088
18084
18083
18081
18080
18079
18078
18070
18060
18056
18055
18054
18050
18048
18042
18040
18036
18034
18032
18029
18025
18020
18018
18012
18000
17992
17985
17982
17980
17978
17976
17969
17967
17958
17956
17955
17954
17952
17949
17947
17945
17940
17936
17934
17931
17930
17928
17927
17922
17920
17919
17914
17910
17908
17907
17901
17900
17898
17892
17888
17880
17877
17876
17875
17871
17869
17864
17860
17856
17854
17850
17848
17836
17835
17825
17822
17820
17819
17818
17816
17812
17810
17808
17802
17800
17792
17787
17784
17780
17776
17767
17766
17765
17763
17762
17760
17756
17751
17750
17748
17745
17741
17738
17732
17731
17730
17721
17716
17712
17711
17710
17702
17700
17696
17690
17689
17688
17685
17680
17675
17673
17672
17670
17667
17666
17664
17658
17655
17654
17653
17649
17646
17640
17632
17628
17625
17622
17613
17612
17608
17604
17600
17596
17595
17589
17584
17582
17578
17577
17576
17575
17574
17572
17568
17563
17557
17556
17554
17550
17549
17548
17545
17544
17542
17538
17536
17535
17533
17526
17523
17520
17516
17515
17514
17512
17510
17500
17496
17493
17490
17484
17480
17473
17472
17466
17464
17460
17446
17444
17442
17441
17440
17433
17430
17427
17424
17423
17420
17415
17408
17407
17402
17400
17399
17391
17390
17388
17385
17384
17381
17380
17376
17375
17374
17372
17370
17368
17365
17363
17360
17355
17346
17343
17340
17336
17334
17331
17328
17325
17324
17316
17313
17304
17303
17300
17298
17296
17292
17290
17289
17286
17284
17280
17278
17272
17271
17270
17266
17264
17262
17255
17250
17248
17238
17236
17228
17227
17226
17222
17220
17214
17205
17204
17202
17201
17200
17199
17195
17190
17184
17182
17177
17176
17172
17170
17169
17168
17161
17160
17157
17152
17150
17145
17139
17136
17135
17127
17125
17120
17115
17114
17113
17112
17110
17108
17100
17098
17097
17094
17088
17082
17080
17072
17069
17066
17064
17063
17061
17056
17052
17050
17040
17034
17030
17028
17024
17020
17019
17018
17017
17014
17013
17010
17005
17004
17000
16999
16995
16992
16988
16986
16984
16983
16975
16974
16968
16965
16960
16958
16956
16954
16952
16950
16942
16940
16936
16932
16929
16928
16926
16920
16915
16912
16910
16906
16905
16900
16899
16898
16896
16895
16892
16891
16884
16878
16875
16874
16872
16867
16864
16856
16854
16851
16848
16837
16836
16835
16833
16830
16826
16821
16820
16819
16815
16808
16800
16799
16791
16790
16789
16786
16781
16779
16770
16768
16766
16764
16761
16758
16756
16750
16748
16745
16744
16740
16732
16731
16728
16724
16720
16716
16714
16704
16700
16698
16695
16692
16688
16686
16684
16680
16677
16675
16665
16660
16653
16652
16650
16647
16644
16643
16642
16641
16640
16638
16637
16632
16626
16625
16617
16616
16614
16611
16610
16608
16605
16600
16598
16592
16590
16588
16587
16585
16583
16577
16576
16575
16568
16564
16562
16560
16554
16548
16544
16541
16539
16536
16533
16530
16524
16520
16517
16512
16510
16506
16500
16498
16497
16492
16490
16485
16482
16480
16478
16472
16471
16470
16468
16465
16464
16463
16461
16459
16456
16450
16445
16443
16440
16435
16434
16432
16430
16428
16426
16422
16416
16405
16402
16400
16393
16390
16385
16384
16383
16380
16377
16376
16375
16371
16368
16366
16362
16359
16356
16352
16351
16350
16348
16340
16335
16330
16328
16324
16320
16318
16317
16308
16303
16302
16300
16296
16290
16289
16287
16284
16280
16275
16274
16272
16269
16268
16264
16263
16262
16261
16256
16254
16250
16245
16244
16241
16240
16236
16235
16226
16224
16218
16215
16214
16212
16206
16200
16199
16198
16192
16188
16185
16184
16182
16171
16170
16168
16166
16160
16159
16157
16154
16150
16146
16137
16132
16129
16128
16125
16124
16120
16119
16116
16113
16112
16110
16109
16107
16104
16102
16100
16095
16093
16092
16089
16082
16080
16074
16072
16068
16065
16060
16059
16055
16050
16048
16046
16044
16038
16032
16029
16023
16020
16019
16016
16014
16008
16006
16005
16002
16000
15996
15990
15985
15984
15982
15980
15974
15972
15965
15960
15958
15957
15950
15946
15943
15939
15936
15933
15931
15930
15928
15925
15921
15920
15916
15914
15912
15910
15908
15904
15903
15900
15895
15892
15886
15876
15875
15873
15872
15870
15867
15865
15862
15860
15857
15855
15853
15851
15846
15842
15840
15836
15834
15827
15826
15824
15820
15812
15811
15810
15808
15805
15800
15795
15794
15792
15778
15776
15770
15768
15762
15760
15759
15756
15755
15753
15752
15750
15748
15747
15744
15743
15741
15738
15732
15730
15729
15725
15721
15720
15717
15714
15708
15707
15704
15700
15698
15696
15694
15688
15687
15680
15678
15675
15664
15662
15660
15656
15655
15652
15651
15648
15645
15642
15640
15633
15625
15624
15622
15621
15620
15618
15617
15616
15609
15606
15604
15600
15594
15589
15587
15582
15580
15576
15575
15573
15570
15568
15566
15563
15561
15555
15554
15553
15552
15548
15544
15543
15540
15531
15525
15522
15521
15520
15515
15510
15504
15500
15498
15496
15494
15488
15486
15485
15484
15481
15480
15478
15476
15471
15470
15458
15456
15453
15450
15444
15440
15438
15435
15429
15428
15423
15416
15410
15408
15405
15402
15400
15399
15397
15394
15392
15390
15386
15385
15379
15376
15375
15372
15370
15369
15368
15367
15366
15364
15360
15355
15352
15351
15347
15345
15344
15340
15336
15334
15330
15327
15326
15323
15322
15318
15312
15309
15308
15301
15300
15295
15290
15288
15280
15276
15272
15264
15260
15255
15252
15251
15250
15247
15246
15244
15240
15232
15229
15228
15225
15224
15222
15219
15215
15210
15207
15204
15200
15198
15197
15196
15194
15190
15189
15184
15180
15170
15169
15168
15162
15159
15158
15151
15150
15147
15142
15141
15138
15136
15134
15132
15130
15129
15128
15125
15124
15120
15113
15106
15105
15104
15100
15096
15093
15092
15089
15088
15087
15080
15072
15070
15066
15065
15054
15052
15051
15050
15049
15048
15045
15042
15041
15040
15038
15036
15035
15030
15029
15023
15015
15012
15010
15008
15006
15004
15000
14996
14994
14986
14985
14980
14976
14973
14972
14964
14960
14952
14950
14949
14948
14946
14940
14938
14935
14934
14933
14931
14925
14924
14916
14915
14910
14904
14900
14898
14896
14892
14884
14883
14880
14878
14877
14875
14874
14873
14872
14868
14863
14861
14859
14857
14852
14850
14848
14847
14842
14841
14840
14835
14833
14832
14824
14823
14820
14812
14805
14803
14800
14798
14796
14792
14790
14787
14784
14775
14774
14773
14768
14766
14763
14762
14760
14758
14756
14751
14750
14746
14744
14742
14740
14734
14732
14729
14726
14725
14720
14715
14707
14706
14705
14703
14700
14696
14694
14691
14690
14688
14685
14678
14672
14670
14668
14664
14661
14659
14652
14651
14647
14645
14641
14640
14637
14632
14630
14628
14626
14625
14620
14616
14615
14608
14606
14605
14602
14601
14600
14596
14595
14592
14586
14580
14578
14577
14570
14560
14553
14552
14550
14544
14541
14536
14535
14534
14532
14529
14527
14525
14523
14522
14520
14518
14516
14514
14508
14507
14504
14500
14499
14497
14496
14490
14484
14480
14478
14476
14475
14472
14469
14464
14457
14456
14454
14453
14450
14448
14445
14444
14443
14442
14440
14432
14430
14420
14418
14416
14415
14410
14406
14400
14399
14396
14391
14388
14385
14384
14382
14381
14378
14375
14365
14364
14362
14359
14356
14355
14352
14351
14350
14345
14344
14342
14338
14337
14336
14329
14328
14325
14322
14320
14319
14317
14310
14308
14304
14300
14299
14288
14287
14282
14280
14279
14278
14276
14274
14268
14260
14259
14256
14250
14248
14245
14241
14240
14238
14235
14231
14229
14224
14220
14214
14212
14210
14208
14204
14200
14196
14195
14194
14193
14190
14186
14184
14181
14178
14175
14170
14168
14162
14161
14160
14157
14155
14152
14151
14148
14145
14144
14141
14140
14136
14134
14130
14129
14125
14124
14118
14112
14111
14110
14105
14104
14100
14098
14097
14094
14091
14089
14080
14076
14070
14065
14062
14061
14060
14058
14043
14042
14040
14039
14036
14030
14028
14027
14025
14022
14018
14017
14016
14014
14013
14012
14008
14007
14006
14000
13992
13987
13986
13984
13983
13974
13973
13970
13968
13965
13962
13959
13952
13950
13944
13943
13940
13938
13937
13936
13932
13930
13924
13923
13920
13916
13915
13912
13910
13908
13905
13904
13900
13899
13896
13892
13888
13886
13884
13875
13872
13871
13870
13861
13860
13858
13857
13855
13851
13846
13845
13843
13840
13838
13837
13833
13832
13825
13824
13818
13816
13806
13804
13803
13802
13800
13797
13795
13794
13790
13786
13783
13780
13778
13776
13775
13774
13770
13764
13761
13760
13756
13755
13752
13750
13746
13741
13736
13734
13731
13728
13725
13724
13720
13716
13708
13706
13703
13700
13699
13696
13695
13694
13692
13690
13689
13688
13685
13680
13677
13674
13673
13671
13668
13667
13664
13662
13659
13653
13651
13650
13640
13635
13632
13630
13629
13625
13624
13622
13617
13616
13612
13608
13604
13600
13596
13593
13590
13589
13588
13585
13580
13578
13575
13572
13570
13568
13566
13563
13561
13560
13559
13552
13545
13542
13536
13534
13532
13530
13529
13528
13527
13524
13520
13516
13515
13510
13509
13505
13502
13500
13494
13493
13490
13485
13483
13482
13475
13468
13464
13462
13456
13455
13452
13448
13447
13446
13442
13440
13439
13433
13432
13431
13430
13426
13425
13420
13419
13416
13410
13407
13400
13398
13396
13395
13394
13392
13390
13386
13377
13376
13375
13370
13366
13365
13363
13362
13360
13359
13356
13351
13350
13348
13345
13344
13340
13338
13335
13334
13333
13332
13330
13328
13321
13320
13317
13312
13311
13310
13300
13299
13298
13289
13288
13287
13286
13284
13280
13277
13275
13272
13268
13266
13261
13260
13254
13250
13248
13246
13244
13231
13230
13225
13224
13221
13216
13213
13209
13208
13206
13205
13203
13202
13200
13199
13197
13195
13193
13192
13189
13188
13184
13182
13179
13176
13175
13172
13167
13161
13160
13158
13156
13152
13148
13144
13140
13137
13135
13134
13132
13130
13125
13124
13122
13120
13114
13113
13112
13110
13108
13104
13100
13098
13095
13090
13083
13081
13080
13072
13068
13067
13066
13065
13064
13056
13054
13050
13041
13040
13038
13035
13034
13032
13031
13029
13026
13024
13020
13015
13013
13005
13002
13000
12998
12996
12995
12994
12993
12992
12988
12987
12986
12980
12978
12975
12972
12971
12969
12963
12960
12956
12954
12950
12948
12947
12936
12935
12932
12931
12928
12927
12922
12921
12920
12915
12905
12903
12901
12900
12896
12888
12882
12880
12879
12878
12877
12876
12875
12874
12870
12865
12864
12862
12859
12852
12851
12848
12844
12840
12838
12835
12834
12831
12827
12826
12825
12816
12814
12810
12805
12804
12802
12800
12798
12797
12792
12789
12788
12784
12782
12780
12775
12772
12771
12769
12768
12765
12760
12753
12750
12744
12741
12740
12738
12736
12733
12730
12728
12727
12726
12720
12719
12717
12716
12714
12710
12709
12707
12705
12702
12700
12699
12696
12692
12690
12688
12684
12675
12672
12670
12669
12665
12663
12656
12654
12650
12649
12648
12644
12642
12640
12638
12636
12635
12629
12628
12627
12626
12625
12616
12615
12614
12610
12608
12606
12604
12600
12596
12584
12580
12576
12573
12567
12566
12561
12560
12558
12556
12555
12551
12549
12546
12545
12544
12543
12540
12537
12535
12533
12530
12529
12528
12525
12524
12519
12516
12513
12512
12510
12508
12506
12502
12500
12496
12495
12489
12483
12482
12480
12474
12470
12467
12464
12463
12462
12460
12456
12450
12446
12445
12444
12441
12432
12430
12426
12425
12423
12420
12416
12415
12412
12411
12410
12408
12403
12402
12400
12397
12395
12393
12390
12388
12384
12382
12376
12375
12371
12369
12367
12360
12358
12354
12352
12351
12350
12348
12342
12338
12337
12330
12328
12325
12324
12322
12321
12320
12319
12317
12314
12312
12308
12305
12300
12298
12296
12288
12285
12284
12283
12282
12276
12272
12267
12264
12261
12257
12255
12250
12246
12245
12243
12240
12236
12232
12231
12225
12224
12222
12221
12220
12218
12214
12213
12212
12210
12208
12204
12201
12200
12198
12194
12193
12192
12191
12190
12183
12180
12177
12172
12168
12166
12160
12159
12155
12154
12152
12150
12144
12141
12139
12138
12136
12127
12126
12125
12120
12118
12110
12104
12103
12100
12099
12096
12093
12091
12090
12089
12087
12084
12080
12078
12075
12070
12069
12065
12064
12062
12060
12056
12054
12052
12051
12045
12040
12036
12035
12033
12032
12028
12025
12024
12019
12017
12015
12012
12008
12006
12000
11999
11997
11993
11990
11988
11985
11984
11979
11978
11972
11970
11968
11966
11960
11956
11954
11952
11948
11946
11940
11938
11937
11935
11934
11932
11931
11929
11928
11926
11925
11921
11920
11919
11918
11914
11907
11904
11900
11899
11895
11890
11881
11880
11877
11875
11872
11869
11868
11865
11859
11858
11857
11856
11850
11845
11844
11842
11840
11837
11834
11832
11830
11826
11820
11817
11815
11814
11811
11808
11800
11799
11792
11790
11786
11782
11781
11780
11778
11776
11775
11773
11772
11771
11770
11766
11765
11764
11760
11753
11752
11750
11748
11745
11742
11741
11739
11737
11736
11730
11726
11725
11718
11716
11715
11712
11704
11703
11700
11696
11692
11690
11685
11684
11682
11680
11676
11664
11663
11662
11661
11660
11659
11658
11656
11655
11651
11648
11645
11644
11640
11639
11635
11628
11627
11625
11623
11622
11620
11618
11616
11615
11613
11610
11607
11600
11594
11592
11591
11590
11584
11583
11580
11573
11571
11570
11564
11562
11560
11557
11556
11554
11552
11550
11544
11543
11542
11537
11536
11534
11532
11529
11528
11526
11524
11523
11520
11514
11508
11505
11502
11500
11495
11492
11484
11481
11480
11476
11475
11473
11470
11468
11466
11461
11460
11457
11456
11455
11454
11449
11448
11446
11445
11440
11439
11438
11433
11431
11430
11426
11424
11421
11418
11413
11410
11408
11407
11403
11400
11398
11397
11396
11392
11390
11388
11387
11385
11376
11375
11374
11371
11368
11360
11356
11352
11349
11346
11343
11342
11340
11336
11330
11328
11325
11324
11323
11322
11319
11316
11315
11312
11310
11305
11304
11303
11300
11297
11289
11288
11286
11285
11284
11280
11277
11270
11269
11266
11264
11259
11256
11253
11252
11250
11248
11247
11245
11242
11236
11235
11234
11232
11229
11227
11224
11223
11222
11220
11218
11214
11211
11210
11205
11200
11194
11193
11189
11187
11186
11180
11178
11176
11175
11174
11172
11169
11165
11163
11160
11155
11154
11152
11151
11147
11144
11139
11136
11135
11132
11130
11128
11125
11124
11122
11120
11118
11115
11110
11109
11102
11100
11098
11097
11096
11094
11092
11088
11084
11078
11076
11074
11072
11070
11067
11060
11058
11055
11050
11049
11041
11040
11039
11036
11033
11032
11026
11025
11024
11023
11022
11021
11020
11016
11011
11009
11008
11005
11004
11001
11000
10998
10990
10989
10988
10985
10981
10980
10976
10974
10971
10965
10962
10961
10960
10956
10952
10950
10948
10947
10945
10944
10935
10934
10925
10922
10921
10920
10919
10918
10915
10914
10912
10908
10906
10904
10902
10900
10899
10890
10887
10881
10880
10878
10877
10875
10873
10872
10868
10864
10863
10860
10858
10857
10856
10855
10854
10850
10848
10846
10842
10836
10835
10833
10830
10829
10824
10823
10816
10815
10812
10810
10808
10807
10804
10800
10797
10795
10792
10791
10790
10788
10787
10780
10773
10769
10767
10764
10758
10752
10750
10746
10744
10742
10740
10738
10736
10735
10731
10730
10728
10726
10725
10721
10720
10716
10712
10710
10707
10706
10703
10701
10700
10696
10695
10692
10688
10686
10682
10680
10679
10676
10675
10672
10670
10668
10665
10664
10660
10659
10658
10656
10653
10650
10648
10647
10640
10638
10626
10625
10624
10622
10620
10615
10614
10611
10609
10608
10605
10602
10600
10595
10593
10591
10586
10585
10584
10582
10580
10579
10578
10575
10573
10570
10564
10561
10560
10557
10556
10553
10549
10547
10545
10541
10540
10530
10528
10527
10521
10519
10512
10509
10508
10507
10506
10505
10504
10502
10500
10498
10496
10494
10492
10488
10486
10480
10478
10476
10472
10465
10464
10458
10455
10452
10450
10449
10443
10441
10440
10439
10437
10434
10432
10431
10430
10428
10425
10422
10419
10416
10414
10413
10412
10406
10404
10403
10400
10396
10395
10388
10385
10384
10382
10380
10379
10375
10374
10370
10368
10366
10362
10360
10355
10354
10353
10350
10349
10348
10340
10336
10335
10332
10325
10324
10323
10320
10318
10317
10314
10309
10304
10302
10300
10296
10295
10293
10292
10290
10287
10286
10285
10283
10282
10281
10275
10272
10270
10269
10268
10266
10260
10251
10250
10248
10246
10244
10241
10240
10235
10234
10230
10229
10224
10220
10218
10212
10209
10208
10207
10206
10205
10203
10201
10200
10197
10192
10191
10187
10185
10184
10179
10176
10175
10170
10168
10165
10164
10160
10153
10152
10150
10149
10148
10147
10146
10143
10140
10138
10137
10136
10132
10126
10125
10123
10120
10117
10115
10112
10108
10106
10101
10100
10098
10094
10092
10089
10088
10087
10086
10082
10080
10075
10074
10070
10065
10064
10062
10058
10057
10050
10048
10047
10044
10043
10036
10034
10033
10032
10030
10028
10024
10020
10017
10011
10010
10008
10005
10004
10001
10000
9999
9996
9991
9990
9984
9983
9982
9976
9975
9971
9968
9966
9964
9963
9960
9956
9955
9954
9951
9950
9945
9944
9943
9940
9936
9933
9932
9928
9922
9920
9919
9918
9916
9912
9911
9906
9900
9898
9894
9891
9890
9888
9882
9880
9879
9877
9875
9870
9869
9867
9864
9861
9860
9858
9856
9855
9853
9850
9849
9845
9844
9843
9842
9840
9834
9831
9828
9825
9821
9815
9810
9805
9804
9802
9801
9800
9798
9797
9796
9794
9792
9790
9785
9782
9780
9779
9776
9775
9774
9768
9765
9760
9758
9752
9751
9750
9747
9744
9741
9737
9735
9734
9730
9729
9728
9727
9724
9720
9718
9717
9715
9711
9709
9702
9701
9700
9699
9696
9694
9690
9688
9686
9685
9682
9680
9676
9675
9672
9666
9664
9660
9657
9656
9653
9652
9650
9648
9646
9639
9638
9636
9633
9632
9630
9628
9625
9620
9617
9612
9610
9605
9604
9603
9600
9595
9594
9593
9592
9591
9590
9588
9585
9581
9579
9577
9576
9570
9568
9563
9559
9558
9555
9552
9550
9548
9546
9545
9540
9537
9536
9525
9523
9522
9520
9519
9516
9515
9514
9513
9512
9506
9504
9500
9499
9494
9492
9490
9487
9486
9483
9480
9477
9476
9472
9471
9464
9462
9460
9457
9456
9455
9454
9453
9452
9450
9447
9443
9440
9438
9435
9434
9432
9430
9425
9424
9420
9417
9416
9412
9409
9408
9405
9401
9400
9398
9396
9394
9393
9387
9384
9381
9380
9379
9375
9374
9373
9372
9362
9360
9359
9353
9352
9350
9348
9345
9344
9342
9338
9333
9328
9324
9322
9317
9316
9315
9313
9312
9310
9309
9308
9306
9301
9300
9296
9295
9292
9291
9288
9282
9280
9275
9272
9271
9270
9266
9265
9264
9263
9261
9259
9256
9250
9248
9246
9243
9240
9238
9234
9231
9230
9225
9222
9216
9215
9213
9212
9211
9207
9204
9202
9200
9198
9196
9191
9185
9184
9180
9179
9177
9176
9174
9170
9169
9168
9167
9165
9164
9163
9159
9156
9154
9153
9152
9150
9145
9144
9135
9130
9129
9128
9126
9125
9120
9118
9116
9114
9112
9108
9106
9102
9100
9095
9090
9089
9088
9086
9085
9078
9075
9072
9071
9065
9064
9063
9062
9060
9052
9050
9048
9047
9045
9044
9042
9040
9039
9035
9030
9028
9027
9025
9024
9021
9020
9018
9017
9016
9010
9009
9006
9000
8996
8991
8990
8989
8988
8979
8978
8977
8976
8970
8968
8967
8965
8964
8961
8960
8957
8955
8954
8950
8949
8946
8944
8940
8938
8932
8930
8928
8927
8925
8924
8918
8911
8910
8909
8908
8906
8905
8904
8901
8900
8896
8892
8890
8888
8883
8881
8880
8878
8875
8874
8869
8866
8865
8858
8856
8855
8851
8850
8848
8845
8844
8840
8836
8835
8833
8832
8829
8827
8823
8820
8816
8814
8811
8806
8804
8802
8800
8798
8792
8791
8789
8788
8787
8786
8784
8778
8777
8775
8774
8772
8771
8769
8768
8763
8760
8758
8757
8756
8755
8750
8748
8745
8742
8740
8736
8733
8732
8730
8723
8722
8721
8720
8715
8712
8710
8704
8701
8700
8695
8694
8692
8690
8688
8687
8686
8685
8684
8680
8673
8670
8668
8667
8664
8662
8658
8652
8650
8649
8648
8646
8645
8643
8642
8640
8639
8636
8635
8633
8632
8631
8625
8624
8619
8618
8614
8613
8611
8610
8607
8602
8601
8600
8595
8592
8591
8588
8586
8585
8584
8580
8576
8575
8568
8560
8557
8556
8555
8554
8550
8549
8547
8544
8541
8540
8536
8533
8532
8528
8526
8525
8520
8517
8515
8514
8512
8510
8509
8507
8505
8502
8500
8496
8494
8493
8492
8487
8484
8480
8479
8478
8477
8476
8475
8471
8470
8468
8466
8464
8463
8460
8456
8455
8453
8450
8449
8448
8446
8442
8439
8437
8436
8432
8428
8427
8424
8418
8415
8413
8410
8404
8400
8395
8393
8385
8384
8383
8382
8379
8378
8375
8374
8372
8370
8366
8364
8362
8360
8358
8357
8352
8350
8349
8346
8344
8343
8342
8340
8330
8326
8325
8322
8321
8320
8319
8316
8313
8308
8307
8305
8304
8300
8299
8296
8295
8294
8288
8284
8282
8281
8280
8277
8274
8272
8268
8265
8262
8260
8256
8255
8253
8250
8249
8246
8245
8241
8240
8239
8236
8235
8234
8232
8228
8225
8220
8217
8216
8215
8214
8213
8211
8208
8201
8200
8195
8192
8190
8188
8184
8183
8181
8178
8176
8175
8174
8170
8165
8164
8162
8160
8159
8154
8151
8150
8148
8145
8142
8140
8137
8136
8134
8132
8131
8128
8127
8125
8122
8120
8118
8113
8112
8109
8107
8106
8103
8100
8099
8096
8094
8092
8091
8085
8084
8083
8080
8077
8075
8073
8066
8064
8062
8060
8058
8056
8055
8052
8051
8050
8046
8041
8040
8037
8036
8034
8030
8025
8024
8023
8022
8019
8016
8010
8008
8007
8004
8003
8001
8000
7998
7995
7992
7991
7990
7987
7986
7980
7979
7975
7973
7968
7965
7964
7960
7958
7957
7956
7955
7954
7952
7950
7946
7943
7938
7936
7935
7931
7930
7923
7921
7920
7918
7917
7913
7912
7910
7906
7905
7904
7900
7897
7896
7889
7888
7885
7884
7881
7880
7878
7876
7875
7874
7872
7869
7866
7865
7860
7857
7854
7852
7850
7849
7848
7847
7844
7840
7839
7832
7831
7830
7828
7826
7824
7821
7820
7812
7811
7810
7809
7808
7803
7802
7800
7797
7791
7790
7788
7785
7784
7783
7777
7776
7774
7772
7770
7761
7760
7755
7752
7750
7749
7748
7747
7744
7743
7742
7740
7739
7738
7735
7729
7728
7725
7722
7720
7719
7714
7708
7705
7704
7701
7700
7697
7696
7695
7693
7688
7686
7685
7684
7683
7682
7680
7676
7672
7670
7668
7667
7665
7663
7661
7659
7656
7654
7650
7645
7644
7640
7638
7636
7632
7630
7626
7625
7623
7622
7620
7616
7614
7612
7611
7605
7602
7600
7599
7598
7597
7595
7592
7590
7585
7584
7581
7579
7575
7571
7569
7568
7567
7566
7565
7564
7562
7560
7553
7552
7550
7548
7546
7544
7540
7536
7535
7533
7527
7526
7525
7524
7521
7520
7519
7518
7515
7506
7505
7504
7503
7502
7500
7498
7497
7493
7490
7488
7486
7482
7480
7476
7475
7474
7473
7470
7469
7467
7462
7458
7455
7452
7450
7449
7448
7446
7442
7440
7439
7437
7436
7434
7426
7425
7424
7421
7420
7416
7412
7410
7406
7400
7399
7398
7396
7395
7392
7387
7384
7383
7381
7380
7379
7378
7375
7373
7372
7371
7370
7367
7366
7363
7360
7353
7350
7348
7347
7345
7344
7339
7336
7335
7334
7332
7326
7320
7316
7315
7314
7313
7310
7308
7304
7303
7301
7300
7298
7296
7293
7290
7289
7285
7280
7276
7275
7272
7268
7267
7266
7261
7260
7259
7258
7257
7254
7252
7250
7248
7245
7242
7240
7239
7238
7236
7232
7228
7227
7225
7224
7222
7221
7220
7216
7215
7210
7209
7208
7205
7203
7200
7198
7194
7192
7191
7189
7182
7181
7178
7176
7175
7172
7171
7169
7168
7164
7161
7160
7155
7154
7152
7150
7144
7141
7140
7139
7138
7137
7134
7130
7128
7125
7124
7120
7119
7112
7110
7107
7106
7105
7104
7102
7100
7098
7097
7095
7093
7092
7089
7085
7084
7081
7080
7076
7074
7072
7070
7068
7067
7065
7062
7059
7056
7055
7052
7050
7049
7047
7040
7038
7035
7031
7030
7029
7021
7020
7018
7015
7014
7011
7009
7008
7007
7006
7004
7003
7000
6996
6993
6992
6987
6985
6984
6981
6976
6975
6972
6970
6969
6968
6966
6965
6962
6960
6958
6956
6955
6954
6952
6950
6948
6946
6944
6943
6942
6936
6935
6930
6929
6923
6920
6919
6916
6912
6909
6908
6903
6902
6901
6900
6897
6895
6893
6890
6889
6888
6887
6885
6882
6880
6878
6876
6875
6873
6868
6867
6864
6862
6860
6858
6854
6853
6850
6848
6847
6846
6845
6844
6840
6837
6834
6832
6831
6825
6820
6816
6815
6812
6811
6808
6806
6804
6802
6800
6798
6795
6794
6790
6789
6786
6785
6784
6783
6780
6776
6771
6768
6767
6766
6765
6764
6762
6760
6758
6755
6751
6750
6747
6745
6741
6734
6732
6731
6728
6726
6724
6723
6721
6720
6716
6715
6713
6710
6708
6705
6700
6699
6698
6697
6696
6695
6693
6688
6685
6683
6681
6680
6678
6675
6674
6672
6670
6669
6667
6666
6665
6664
6660
6656
6655
6650
6649
6644
6643
6642
6640
6636
6634
6633
6630
6627
6625
6624
6623
6622
6615
6612
6608
6604
6603
6601
6600
6596
6594
6592
6591
6588
6586
6580
6579
6578
6576
6574
6572
6570
6567
6566
6565
6562
6561
6560
6557
6556
6555
6554
6552
6550
6549
6545
6540
6536
6534
6533
6532
6528
6527
6525
6520
6519
6517
6516
6513
6512
6510
6501
6500
6499
6498
6497
6496
6494
6493
6490
6489
6486
6480
6478
6477
6475
6474
6468
6466
6464
6461
6460
6450
6448
6444
6441
6440
6439
6438
6437
6435
6432
6431
6426
6424
6422
6420
6419
6417
6413
6408
6407
6405
6402
6401
6400
6399
6396
6394
6392
6391
6390
6386
6384
6380
6375
6372
6370
6369
6368
6365
6364
6363
6360
6358
6357
6355
6351
6350
6348
6346
6345
6344
6342
6336
6335
6328
6327
6325
6324
6322
6321
6320
6319
6318
6314
6313
6308
6307
6305
6304
6303
6302
6300
6298
6292
6290
6288
6283
6280
6279
6278
6273
6272
6270
6265
6264
6262
6258
6256
6255
6254
6253
6251
6250
6248
6241
6240
6237
6235
6232
6231
6230
6228
6225
6223
6222
6216
6215
6213
6210
6208
6206
6205
6204
6201
6200
6195
6194
6192
6191
6188
6180
6179
6177
6176
6175
6174
6171
6169
6165
6164
6162
6161
6160
6157
6156
6154
6150
6149
6148
6144
6142
6141
6138
6136
6132
6125
6123
6120
6118
6116
6112
6111
6110
6109
6107
6106
6105
6104
6102
6100
6099
6097
6096
6095
6090
6086
6084
6083
6080
6077
6076
6075
6072
6069
6068
6063
6060
6059
6055
6052
6050
6048
6045
6042
6040
6039
6035
6032
6031
6030
6028
6027
6026
6020
6018
6016
6014
6012
6006
6004
6003
6000
5995
5994
5992
5989
5986
5985
5984
5983
5980
5978
5977
5976
5974
5973
5970
5969
5967
5966
5964
5963
5960
5959
5957
5952
5950
5945
5940
5936
5934
5929
5928
5925
5922
5921
5920
5917
5916
5915
5913
5910
5907
5904
5900
5896
5895
5893
5891
5890
5889
5888
5886
5885
5883
5882
5880
5876
5875
5874
5871
5868
5865
5863
5859
5858
5856
5852
5850
5848
5846
5845
5842
5841
5840
5838
5832
5831
5830
5829
5828
5824
5822
5820
5814
5811
5810
5809
5808
5805
5800
5797
5796
5795
5792
5790
5785
5782
5781
5780
5778
5777
5776
5775
5772
5771
5768
5767
5766
5764
5763
5762
5760
5757
5754
5751
5750
5746
5742
5740
5738
5735
5734
5733
5730
5728
5727
5724
5723
5720
5719
5715
5713
5712
5709
5705
5704
5700
5699
5698
5696
5695
5694
5688
5687
5684
5680
5678
5676
5673
5671
5670
5668
5665
5664
5662
5661
5658
5656
5655
5652
5650
5644
5643
5642
5640
5635
5633
5632
5628
5626
5625
5624
5621
5618
5617
5616
5612
5611
5610
5609
5607
5605
5600
5597
5593
5590
5589
5588
5587
5586
5580
5577
5576
5572
5568
5566
5565
5564
5562
5561
5560
5559
5555
5551
5550
5549
5548
5547
5546
5544
5542
5539
5538
5537
5536
5535
5530
5529
5525
5520
5518
5516
5513
5512
5511
5510
5508
5504
5502
5500
5499
5495
5494
5490
5488
5487
5481
5480
5478
5476
5475
5474
5472
5467
5461
5460
5459
5457
5456
5454
5453
5452
5451
5450
5445
5440
5439
5436
5434
5432
5430
5429
5428
5427
5425
5424
5423
5421
5418
5415
5412
5408
5406
5405
5404
5402
5400
5396
5395
5394
5390
5382
5379
5376
5375
5373
5372
5371
5370
5369
5368
5365
5364
5363
5360
5358
5356
5355
5353
5350
5348
5346
5344
5343
5341
5340
5338
5336
5335
5334
5332
5330
5329
5328
5325
5324
5320
5319
5313
5312
5311
5310
5307
5304
5301
5300
5293
5292
5291
5290
5289
5285
5282
5280
5278
5270
5265
5264
5256
5254
5253
5252
5251
5250
5249
5248
5247
5246
5244
5243
5240
5239
5238
5236
5232
5229
5226
5225
5220
5217
5216
5215
5214
5211
5208
5207
5206
5203
5202
5200
5198
5194
5192
5191
5190
5187
5185
5184
5183
5181
5180
5177
5175
5174
5170
5168
5166
5162
5160
5159
5157
5152
5151
5150
5148
5146
5145
5143
5141
5136
5135
5134
5133
5130
5125
5124
5123
5122
5120
5117
5115
5112
5110
5109
5106
5104
5103
5100
5096
5092
5088
5085
5084
5082
5080
5076
5075
5074
5073
5070
5069
5068
5066
5063
5060
5056
5054
5053
5050
5049
5047
5046
5044
5043
5041
5040
5037
5035
5032
5031
5029
5025
5024
5022
5018
5017
5016
5015
5014
5012
5010
5005
5004
5002
5000
4998
4995
4992
4991
4988
4984
4983
4982
4980
4978
4977
4975
4972
4970
4968
4966
4964
4961
4960
4959
4958
4956
4953
4950
4949
4947
4945
4944
4941
4940
4935
4932
4930
4929
4928
4925
4922
4921
4920
4917
4914
4905
4902
4901
4900
4899
4898
4897
4896
4895
4891
4890
4888
4887
4884
4880
4879
4876
4875
4872
4867
4865
4864
4862
4860
4859
4851
4850
4848
4847
4845
4844
4843
4841
4840
4838
4836
4833
4832
4830
4828
4826
4825
4824
4823
4819
4818
4816
4815
4814
4810
4806
4805
4802
4800
4797
4796
4795
4794
4788
4785
4784
4779
4776
4775
4774
4773
4770
4768
4761
4760
4758
4757
4756
4753
4752
4750
4747
4746
4745
4743
4740
4738
4736
4732
4731
4730
4728
4727
4726
4725
4720
4719
4717
4716
4715
4712
4710
4708
4706
4704
4700
4699
4698
4697
4692
4690
4687
4686
4681
4680
4676
4675
4674
4672
4671
4669
4664
4662
4661
4658
4656
4655
4654
4653
4650
4648
4646
4644
4641
4640
4636
4635
4633
4632
4628
4625
4624
4623
4620
4619
4617
4615
4611
4608
4606
4602
4601
4600
4599
4598
4592
4590
4588
4587
4585
4584
4582
4578
4577
4576
4575
4572
4565
4564
4563
4560
4559
4558
4557
4556
4554
4553
4551
4550
4545
4544
4543
4539
4536
4532
4531
4530
4526
4525
4524
4522
4521
4520
4515
4514
4512
4510
4509
4508
4505
4503
4500
4498
4495
4494
4489
4488
4485
4484
4482
4480
4477
4475
4473
4472
4470
4469
4466
4465
4464
4462
4459
4455
4454
4453
4452
4450
4448
4446
4445
4444
4440
4439
4437
4433
4429
4428
4425
4424
4422
4420
4418
4416
4410
4408
4407
4403
4402
4401
4400
4399
4396
4394
4393
4392
4389
4387
4386
4384
4380
4379
4378
4375
4374
4371
4370
4368
4366
4365
4361
4360
4356
4355
4352
4350
4347
4346
4345
4344
4343
4342
4340
4335
4334
4332
4331
4329
4326
4325
4324
4323
4321
4320
4318
4316
4312
4309
4307
4305
4301
4300
4296
4294
4293
4292
4290
4288
4284
4280
4278
4277
4275
4272
4270
4268
4266
4264
4263
4260
4257
4256
4255
4251
4250
4248
4247
4246
4242
4240
4239
4238
4235
4234
4233
4232
4230
4228
4225
4224
4223
4221
4218
4216
4214
4212
4209
4205
4202
4200
4192
4191
4189
4187
4186
4185
4183
4182
4181
4180
4179
4176
4175
4173
4172
4171
4170
4165
4163
4161
4160
4158
4154
4152
4150
4148
4147
4144
4142
4141
4140
4137
4136
4134
4131
4130
4128
4125
4123
4120
4118
4117
4116
4114
4110
4108
4107
4104
4100
4096
4095
4094
4092
4089
4088
4087
4085
4082
4081
4080
4077
4075
4074
4071
4070
4068
4067
4066
4064
4061
4060
4059
4056
4053
4050
4048
4047
4046
4042
4040
4033
4032
4031
4030
4029
4028
4026
4025
4023
4020
4018
4017
4015
4012
4011
4008
4005
4004
4002
4000
3999
3996
3995
3993
3990
3984
3982
3980
3979
3978
3977
3976
3975
3973
3969
3968
3965
3960
3959
3956
3955
3953
3952
3950
3948
3944
3942
3940
3939
3938
3937
3936
3933
3930
3927
3926
3925
3924
3922
3920
3916
3915
3914
3913
3912
3910
3906
3905
3904
3901
3900
3895
3894
3892
3888
3887
3886
3885
3880
3876
3875
3874
3872
3871
3870
3869
3864
3861
3860
3857
3854
3852
3850
3848
3844
3843
3842
3841
3840
3838
3836
3835
3834
3828
3827
3825
3822
3820
3819
3818
3816
3815
3813
3811
3810
3808
3807
3806
3801
3800
3799
3796
3795
3792
3784
3783
3782
3781
3780
3776
3775
3774
3773
3772
3770
3768
3763
3762
3760
3759
3753
3752
3751
3750
3749
3745
3744
3743
3741
3740
3738
3737
3735
3731
3729
3726
3725
3724
3723
3721
3720
3718
3717
3713
3712
3710
3708
3706
3705
3703
3700
3699
3698
3696
3692
3690
3689
3686
3685
3683
3680
3675
3674
3672
3668
3667
3666
3663
3660
3658
3657
3655
3654
3652
3650
3649
3648
3645
3640
3638
3636
3634
3633
3630
3629
3627
3626
3625
3624
3621
3620
3619
3618
3616
3614
3612
3611
3610
3608
3605
3604
3600
3599
3597
3596
3591
3589
3588
3586
3584
3582
3580
3577
3576
3575
3572
3570
3569
3567
3565
3564
3562
3560
3556
3555
3553
3552
3551
3550
3549
3546
3542
3540
3538
3537
3536
3535
3534
3531
3528
3526
3525
3520
3519
3515
3510
3509
3507
3504
3503
3502
3500
3498
3496
3492
3488
3486
3485
3484
3483
3481
3480
3479
3478
3477
3476
3475
3474
3473
3472
3471
3468
3465
3460
3458
3456
3454
3451
3450
3445
3444
3441
3440
3439
3438
3434
3432
3431
3430
3429
3427
3425
3424
3423
3422
3420
3417
3416
3410
3408
3406
3404
3403
3402
3401
3400
3399
3397
3395
3393
3392
3390
3388
3384
3383
3382
3381
3380
3379
3375
3367
3366
3364
3363
3362
3360
3358
3355
3354
3350
3349
3348
3344
3340
3339
3337
3336
3335
3333
3332
3330
3328
3325
3322
3321
3320
3318
3317
3315
3312
3311
3306
3304
3302
3300
3298
3297
3296
3294
3293
3290
3289
3288
3287
3286
3285
3283
3281
3280
3278
3277
3276
3275
3270
3268
3267
3266
3264
3260
3258
3256
3255
3250
3249
3248
3247
3245
3243
3240
3239
3237
3234
3233
3232
3230
3225
3224
3222
3220
3219
3216
3213
3212
3211
3210
3204
3201
3200
3198
3197
3196
3195
3193
3192
3190
3186
3185
3184
3182
3180
3179
3175
3174
3173
3172
3171
3168
3164
3162
3161
3160
3159
3157
3154
3152
3151
3150
3149
3146
3145
3144
3140
3139
3136
3135
3132
3131
3129
3128
3127
3125
3124
3120
3116
3115
3114
3111
3108
3105
3104
3103
3102
3100
3097
3096
3094
3090
3088
3087
3082
3081
3080
3078
3077
3075
3074
3072
3071
3069
3068
3066
3060
3059
3058
3056
3055
3053
3052
3051
3050
3048
3045
3043
3042
3040
3038
3036
3034
3030
3026
3025
3024
3021
3020
3016
3015
3014
3013
3010
3009
3008
3007
3006
3003
3002
3000
2997
2996
2993
2992
2990
2989
2988
2987
2985
2983
2982
2980
2976
2975
2970
2968
2967
2964
2961
2960
2958
2955
2952
2950
2948
2945
2944
2943
2941
2940
2938
2937
2934
2929
2928
2926
2925
2924
2923
2921
2920
2919
2916
2915
2914
2912
2911
2910
2907
2905
2904
2900
2898
2896
2895
2891
2890
2889
2888
2886
2884
2883
2882
2881
2880
2877
2875
2873
2871
2870
2869
2867
2865
2864
2862
2860
2856
2852
2850
2849
2848
2847
2844
2842
2840
2839
2838
2835
2834
2832
2831
2829
2828
2826
2825
2822
2821
2820
2816
2814
2813
2812
2809
2808
2806
2805
2800
2795
2794
2793
2790
2788
2786
2784
2783
2782
2781
2780
2775
2774
2773
2772
2771
2769
2768
2765
2760
2759
2758
2756
2755
2754
2752
2751
2750
2747
2745
2744
2740
2739
2738
2737
2736
2730
2728
2727
2726
2725
2720
2718
2717
2716
2715
2714
2712
2709
2706
2704
2703
2702
2701
2700
2698
2697
2695
2691
2688
2686
2685
2684
2682
2680
2679
2678
2675
2674
2673
2672
2670
2669
2668
2667
2666
2665
2664
2662
2660
2656
2655
2652
2650
2646
2645
2641
2640
2639
2635
2632
2628
2627
2626
2625
2624
2623
2622
2620
2619
2618
2616
2613
2610
2608
2607
2604
2603
2601
2600
2599
2597
2596
2595
2592
2590
2587
2585
2584
2583
2581
2580
2576
2575
2574
2573
2568
2567
2565
2562
2561
2560
2556
2555
2553
2552
2550
2548
2546
2544
2542
2541
2540
2538
2537
2535
2534
2533
2530
2528
2527
2525
2523
2522
2520
2516
2512
2511
2509
2508
2507
2506
2505
2502
2501
2500
2499
2496
2494
2492
2491
2490
2489
2486
2485
2484
2483
2482
2480
2479
2478
2475
2472
2470
2466
2465
2464
2461
2460
2457
2451
2450
2449
2448
2445
2444
2442
2440
2438
2436
2432
2431
2430
2425
2424
2422
2420
2419
2418
2416
2415
2414
2413
2412
2409
2408
2407
2405
2403
2401
2400
2398
2397
2394
2392
2388
2387
2385
2384
2380
2379
2378
2376
2375
2373
2370
2369
2368
2366
2365
2364
2363
2360
2358
2356
2355
2354
2353
2352
2350
2349
2346
2345
2343
2340
2338
2337
2336
2332
2331
2329
2328
2327
2325
2324
2323
2322
2320
2318
2316
2314
2312
2310
2304
2303
2301
2300
2299
2296
2295
2294
2292
2291
2289
2288
2286
2282
2280
2279
2278
2277
2275
2272
2268
2266
2265
2263
2262
2261
2260
2257
2256
2255
2254
2250
2249
2247
2244
2242
2241
2240
2236
2235
2233
2232
2231
2227
2226
2225
2224
2223
2222
2220
2214
2212
2211
2210
2209
2208
2205
2204
2201
2200
2198
2197
2196
2193
2192
2190
2189
2187
2185
2184
2183
2180
2178
2176
2175
2173
2172
2171
2170
2167
2166
2163
2162
2160
2159
2158
2156
2150
2148
2147
2146
2145
2144
2142
2140
2139
2136
2135
2134
2133
2132
2130
2128
2125
2124
2123
2121
2120
2119
2117
2116
2115
2114
2112
2109
2108
2107
2106
2101
2100
2096
2093
2091
2090
2088
2086
2085
2080
2079
2077
2076
2075
2074
2072
2071
2070
2068
2067
2065
2064
2060
2059
2058
2057
2055
2054
2052
2050
2048
2047
2046
2044
2041
2040
2037
2035
2034
2033
2032
2030
2028
2025
2024
2023
2021
2020
2016
2015
2014
2013
2010
2009
2006
2004
2002
2001
2000
1998
1995
1992
1991
1990
1989
1988
1984
1980
1978
1976
1975
1974
1972
1971
1970
1969
1968
1965
1963
1962
1961
1960
1958
1957
1956
1955
1953
1952
1950
1947
1946
1944
1943
1940
1938
1937
1936
1935
1932
1930
1927
1926
1925
1924
1922
1921
1920
1919
1918
1917
1914
1911
1910
1909
1908
1905
1904
1903
1900
1898
1896
1892
1891
1890
1888
1887
1886
1885
1884
1881
1880
1876
1875
1872
1870
1869
1863
1862
1860
1859
1856
1855
1854
1853
1850
1849
1848
1846
1845
1843
1840
1837
1836
1834
1833
1830
1829
1827
1826
1825
1824
1820
1819
1818
1817
1815
1813
1812
1810
1809
1808
1807
1806
1805
1804
1802
1800
1798
1794
1793
1792
1791
1790
1788
1786
1785
1782
1781
1780
1778
1776
1775
1773
1771
1770
1769
1768
1767
1764
1763
1760
1755
1752
1751
1750
1749
1748
1746
1744
1743
1742
1740
1739
1738
1737
1736
1734
1730
1729
1728
1727
1725
1722
1720
1719
1717
1716
1715
1712
1711
1710
1708
1705
1704
1703
1702
1701
1700
1696
1695
1694
1692
1691
1690
1683
1682
1681
1680
1679
1677
1675
1674
1672
1670
1668
1666
1665
1664
1661
1660
1659
1656
1653
1652
1651
1650
1649
1648
1647
1645
1644
1643
1640
1639
1638
1635
1634
1633
1632
1630
1629
1628
1625
1624
1620
1617
1616
1615
1612
1611
1610
1608
1606
1605
1602
1600
1599
1598
1596
1595
1593
1592
1591
1590
1587
1586
1584
1582
1581
1580
1577
1576
1575
1573
1572
1570
1568
1566
1564
1562
1560
1558
1557
1554
1552
1551
1550
1548
1547
1545
1544
1541
1540
1539
1537
1536
1534
1533
1530
1529
1528
1526
1525
1524
1521
1520
1519
1518
1517
1515
1513
1512
1510
1508
1507
1505
1504
1503
1501
1500
1498
1496
1495
1494
1491
1490
1488
1485
1484
1482
1480
1479
1476
1475
1474
1472
1470
1469
1467
1464
1463
1462
1460
1458
1457
1456
1455
1452
1450
1449
1448
1445
1444
1443
1442
1441
1440
1435
1432
1431
1430
1428
1426
1425
1424
1422
1421
1420
1419
1417
1416
1414
1413
1411
1410
1408
1407
1406
1404
1403
1400
1397
1395
1394
1393
1392
1391
1390
1387
1386
1384
1380
1379
1378
1377
1376
1375
1372
1370
1369
1368
1365
1364
1363
1360
1359
1358
1357
1356
1353
1352
1351
1350
1349
1344
1343
1342
1341
1340
1339
1337
1336
1335
1334
1333
1332
1331
1330
1328
1326
1325
1323
1320
1316
1314
1313
1312
1311
1310
1309
1308
1305
1304
1302
1300
1298
1296
1295
1292
1290
1288
1287
1284
1281
1280
1278
1276
1275
1274
1273
1272
1271
1270
1269
1267
1265
1264
1261
1260
1258
1256
1254
1253
1251
1250
1248
1247
1246
1245
1243
1242
1241
1240
1239
1236
1235
1233
1232
1230
1225
1224
1222
1221
1220
1219
1218
1216
1215
1212
1211
1210
1209
1208
1207
1206
1204
1200
1199
1197
1196
1194
1192
1190
1189
1188
1185
1184
1183
1182
1180
1179
1178
1177
1176
1175
1173
1170
1169
1168
1166
1164
1162
1161
1160
1159
1158
1157
1156
1155
1152
1150
1148
1147
1146
1144
1143
1141
1140
1139
1136
1134
1133
1131
1130
1128
1127
1125
1122
1121
1120
1118
1116
1113
1112
1111
1110
1107
1106
1105
1104
1102
1100
1099
1098
1096
1095
1092
1090
1089
1088
1086
1085
1083
1081
1080
1079
1078
1075
1074
1073
1072
1071
1070
1068
1067
1066
1065
1064
1062
1060
1058
1057
1056
1054
1053
1050
1048
1045
1044
1043
1040
1038
1037
1036
1035
1034
1032
1030
1029
1027
1026
1025
1024
1023
1022
1020
1017
1016
1015
1014
1012
1010
1008
1007
1005
1003
1002
1001
1000
999
996
995
994
992
990
989
988
987
986
985
984
981
980
979
978
976
975
973
972
970
969
968
966
965
963
962
961
960
959
957
955
954
952
950
949
948
946
945
944
943
942
940
938
936
935
931
930
928
927
925
924
923
920
918
917
915
913
912
910
909
906
905
904
903
902
901
900
899
897
896
895
894
893
891
890
889
888
885
884
882
880
876
875
874
873
872
871
870
869
868
867
865
864
861
860
858
856
855
854
852
851
850
848
847
846
845
841
840
837
836
835
834
833
832
830
828
826
825
824
822
820
819
817
816
815
814
812
810
808
806
805
804
803
801
800
799
798
796
795
793
792
791
790
788
786
785
784
783
782
781
780
779
777
776
775
774
772
770
768
767
765
764
763
762
760
759
756
755
754
752
750
749
748
747
745
744
742
741
740
738
737
736
735
732
731
730
729
728
726
725
724
722
721
720
716
715
714
713
712
711
710
708
707
705
704
703
702
700
697
696
695
693
692
690
689
688
686
685
684
682
680
679
678
676
675
672
671
670
668
667
666
665
664
663
660
658
657
656
655
654
652
651
650
649
648
646
645
644
642
640
639
638
637
636
635
632
630
629
628
627
625
624
623
621
620
618
616
615
612
611
610
609
608
606
605
604
603
602
600
598
597
596
595
594
592
591
590
589
588
585
584
583
582
581
580
579
578
576
575
574
573
572
570
568
567
565
564
561
560
559
558
556
555
553
552
551
550
549
548
546
545
544
543
540
539
537
536
535
534
533
532
531
530
529
528
527
525
524
522
520
519
518
517
516
515
513
512
511
510
508
507
506
505
504
501
500
498
497
496
495
494
493
492
490
489
488
486
485
484
483
481
480
477
476
475
474
473
472
471
470
469
468
465
464
462
460
459
456
455
453
452
451
450
448
447
445
444
442
441
440
438
437
436
435
434
432
430
429
428
427
426
425
424
423
420
418
417
416
415
414
413
412
411
410
408
407
406
405
404
403
402
400
399
398
396
395
394
393
392
391
390
388
387
386
385
384
382
381
380
378
377
376
375
374
372
371
370
369
368
366
365
364
363
362
361
360
358
357
356
355
354
352
351
350
348
346
345
344
343
342
341
340
339
338
336
335
334
333
332
330
329
328
327
326
325
324
323
322
321
320
319
318
316
315
314
312
310
309
308
306
305
304
303
302
301
300
299
298
297
296
295
294
292
291
290
289
288
287
286
285
284
282
280
279
278
276
275
274
273
272
270
268
267
266
265
264
262
261
260
259
258
256
255
254
253
252
250
249
248
247
246
245
244
243
242
240
238
237
236
235
234
232
231
230
228
226
225
224
222
221
220
219
218
217
216
215
214
213
212
210
209
208
207
206
205
204
203
202
201
200
199
198
197
196
195
194
193
192
191
190
189
188
187
186
185
184
183
182
181
180
179
178
177
176
175
174
173
172
171
170
169
168
167
166
165
164
163
162
161
160
159
158
157
156
155
154
153
152
151
150
149
148
147
146
145
144
143
142
141
140
139
138
137
136
135
134
133
132
131
130
129
128
127
126
125
124
123
122
121
120
119
118
117
116
115
114
113
112
111
110
109
108
107
106
105
104
103
102
101
100
99
98
97
96
95
94
93
92
91
90
89
88
87
86
85
84
83
82
81
80
79
78
77
76
75
74
73
72
71
70
69
68
67
66
65
64
63
62
61
60
59
58
57
56
55
54
53
52
51
50
49
48
47
46
45
44
43
42
41
40
39
38
37
36
35
34
33
32
31
30
29
28
27
26
25
24
23
22
21
20
19
18
17
16
15
14
13
12
11
10
9
8
7
6
5
4
3
2
1
