
zad1.elf:     file format elf32-avr

Sections:
Idx Name          Size      VMA       LMA       File off  Algn
  0 .data         000000c0  00800100  00000a60  00000af4  2**0
                  CONTENTS, ALLOC, LOAD, DATA
  1 .text         00000a60  00000000  00000000  00000094  2**1
                  CONTENTS, ALLOC, LOAD, READONLY, CODE
  2 .bss          00000014  008001c0  008001c0  00000bb4  2**0
                  ALLOC
  3 .comment      00000024  00000000  00000000  00000bb4  2**0
                  CONTENTS, READONLY
  4 .note.gnu.avr.deviceinfo 00000040  00000000  00000000  00000bd8  2**2
                  CONTENTS, READONLY, OCTETS
  5 .debug_aranges 00000028  00000000  00000000  00000c18  2**0
                  CONTENTS, READONLY, DEBUGGING, OCTETS
  6 .debug_info   00000da2  00000000  00000000  00000c40  2**0
                  CONTENTS, READONLY, DEBUGGING, OCTETS
  7 .debug_abbrev 000008e8  00000000  00000000  000019e2  2**0
                  CONTENTS, READONLY, DEBUGGING, OCTETS
  8 .debug_line   00000854  00000000  00000000  000022ca  2**0
                  CONTENTS, READONLY, DEBUGGING, OCTETS
  9 .debug_frame  0000008c  00000000  00000000  00002b20  2**2
                  CONTENTS, READONLY, DEBUGGING, OCTETS
 10 .debug_str    000003dc  00000000  00000000  00002bac  2**0
                  CONTENTS, READONLY, DEBUGGING, OCTETS
 11 .debug_line_str 0000008d  00000000  00000000  00002f88  2**0
                  CONTENTS, READONLY, DEBUGGING, OCTETS
 12 .debug_loclists 0000031b  00000000  00000000  00003015  2**0
                  CONTENTS, READONLY, DEBUGGING, OCTETS
 13 .debug_rnglists 00000054  00000000  00000000  00003330  2**0
                  CONTENTS, READONLY, DEBUGGING, OCTETS

Disassembly of section .text:

00000000 <__vectors>:
   0:	0c 94 3a 00 	jmp	0x74	; 0x74 <__ctors_end>
   4:	0c 94 57 00 	jmp	0xae	; 0xae <__bad_interrupt>
   8:	0c 94 57 00 	jmp	0xae	; 0xae <__bad_interrupt>
   c:	0c 94 57 00 	jmp	0xae	; 0xae <__bad_interrupt>
  10:	0c 94 57 00 	jmp	0xae	; 0xae <__bad_interrupt>
  14:	0c 94 57 00 	jmp	0xae	; 0xae <__bad_interrupt>
  18:	0c 94 57 00 	jmp	0xae	; 0xae <__bad_interrupt>
  1c:	0c 94 57 00 	jmp	0xae	; 0xae <__bad_interrupt>
  20:	0c 94 57 00 	jmp	0xae	; 0xae <__bad_interrupt>
  24:	0c 94 57 00 	jmp	0xae	; 0xae <__bad_interrupt>
  28:	0c 94 57 00 	jmp	0xae	; 0xae <__bad_interrupt>
  2c:	0c 94 57 00 	jmp	0xae	; 0xae <__bad_interrupt>
  30:	0c 94 57 00 	jmp	0xae	; 0xae <__bad_interrupt>
  34:	0c 94 57 00 	jmp	0xae	; 0xae <__bad_interrupt>
  38:	0c 94 57 00 	jmp	0xae	; 0xae <__bad_interrupt>
  3c:	0c 94 57 00 	jmp	0xae	; 0xae <__bad_interrupt>
  40:	0c 94 57 00 	jmp	0xae	; 0xae <__bad_interrupt>
  44:	0c 94 57 00 	jmp	0xae	; 0xae <__bad_interrupt>
  48:	0c 94 57 00 	jmp	0xae	; 0xae <__bad_interrupt>
  4c:	0c 94 57 00 	jmp	0xae	; 0xae <__bad_interrupt>
  50:	0c 94 57 00 	jmp	0xae	; 0xae <__bad_interrupt>
  54:	0c 94 57 00 	jmp	0xae	; 0xae <__bad_interrupt>
  58:	0c 94 57 00 	jmp	0xae	; 0xae <__bad_interrupt>
  5c:	0c 94 57 00 	jmp	0xae	; 0xae <__bad_interrupt>
  60:	0c 94 57 00 	jmp	0xae	; 0xae <__bad_interrupt>
  64:	0c 94 57 00 	jmp	0xae	; 0xae <__bad_interrupt>

00000068 <__c.0>:
  68:	63 64 69 6e 6f 70 73 75 78 58 5b 00                 cdinopsuxX[.

00000074 <__ctors_end>:
  74:	11 24       	eor	r1, r1
  76:	1f be       	out	0x3f, r1	; 63
  78:	cf ef       	ldi	r28, 0xFF	; 255
  7a:	d8 e0       	ldi	r29, 0x08	; 8
  7c:	de bf       	out	0x3e, r29	; 62
  7e:	cd bf       	out	0x3d, r28	; 61

00000080 <__do_copy_data>:
  80:	11 e0       	ldi	r17, 0x01	; 1

00000082 <.Loc.1>:
  82:	a0 e0       	ldi	r26, 0x00	; 0

00000084 <.Loc.2>:
  84:	b1 e0       	ldi	r27, 0x01	; 1

00000086 <.Loc.3>:
  86:	e0 e6       	ldi	r30, 0x60	; 96

00000088 <.Loc.4>:
  88:	fa e0       	ldi	r31, 0x0A	; 10

0000008a <.Loc.5>:
  8a:	02 c0       	rjmp	.+4      	; 0x90 <.L__do_copy_data_start>

0000008c <.L__do_copy_data_loop>:
  8c:	05 90       	lpm	r0, Z+

0000008e <.Loc.7>:
  8e:	0d 92       	st	X+, r0

00000090 <.L__do_copy_data_start>:
  90:	a0 3c       	cpi	r26, 0xC0	; 192

00000092 <.Loc.9>:
  92:	b1 07       	cpc	r27, r17

00000094 <.Loc.10>:
  94:	d9 f7       	brne	.-10     	; 0x8c <.L__do_copy_data_loop>

00000096 <__do_clear_bss>:
  96:	21 e0       	ldi	r18, 0x01	; 1

00000098 <.Loc.1>:
  98:	a0 ec       	ldi	r26, 0xC0	; 192

0000009a <.Loc.2>:
  9a:	b1 e0       	ldi	r27, 0x01	; 1

0000009c <.Loc.3>:
  9c:	01 c0       	rjmp	.+2      	; 0xa0 <.Loc.5>

0000009e <.Loc.4>:
  9e:	1d 92       	st	X+, r1

000000a0 <.Loc.5>:
  a0:	a4 3d       	cpi	r26, 0xD4	; 212

000000a2 <.Loc.6>:
  a2:	b2 07       	cpc	r27, r18

000000a4 <.Loc.7>:
  a4:	e1 f7       	brne	.-8      	; 0x9e <.Loc.4>

000000a6 <L0^A>:
  a6:	0e 94 ea 00 	call	0x1d4	; 0x1d4 <main>
  aa:	0c 94 2e 05 	jmp	0xa5c	; 0xa5c <_exit>

000000ae <__bad_interrupt>:
  ae:	0c 94 00 00 	jmp	0	; 0x0 <__vectors>

000000b2 <uart_transmit>:

// transmisja jednego znaku
int uart_transmit(char data, FILE *stream)
{
  // czekaj aż transmiter gotowy
  while(!(UCSR0A & _BV(UDRE0)));
  b2:	90 91 c0 00 	lds	r25, 0x00C0	; 0x8000c0 <__TEXT_REGION_LENGTH__+0x7f80c0>

000000b6 <.Loc.3>:
  b6:	95 ff       	sbrs	r25, 5
  b8:	fc cf       	rjmp	.-8      	; 0xb2 <uart_transmit>

000000ba <.Loc.4>:
  UDR0 = data;
  ba:	80 93 c6 00 	sts	0x00C6, r24	; 0x8000c6 <__TEXT_REGION_LENGTH__+0x7f80c6>

000000be <.Loc.6>:
  return 0;
}
  be:	80 e0       	ldi	r24, 0x00	; 0

000000c0 <.Loc.8>:
  c0:	90 e0       	ldi	r25, 0x00	; 0
  c2:	08 95       	ret

000000c4 <uart_receive>:

// odczyt jednego znaku
int uart_receive(FILE *stream)
{
  // czekaj aż znak dostępny
  while (!(UCSR0A & _BV(RXC0)));
  c4:	80 91 c0 00 	lds	r24, 0x00C0	; 0x8000c0 <__TEXT_REGION_LENGTH__+0x7f80c0>

000000c8 <.Loc.12>:
  c8:	87 ff       	sbrs	r24, 7
  ca:	fc cf       	rjmp	.-8      	; 0xc4 <uart_receive>

000000cc <.Loc.13>:
  return UDR0;
  cc:	80 91 c6 00 	lds	r24, 0x00C6	; 0x8000c6 <__TEXT_REGION_LENGTH__+0x7f80c6>

000000d0 <.Loc.15>:
}
  d0:	90 e0       	ldi	r25, 0x00	; 0
  d2:	08 95       	ret

000000d4 <uart_init>:
  UBRR0 = UBRR_VALUE;
  d4:	87 e6       	ldi	r24, 0x67	; 103
  d6:	90 e0       	ldi	r25, 0x00	; 0
  d8:	90 93 c5 00 	sts	0x00C5, r25	; 0x8000c5 <__TEXT_REGION_LENGTH__+0x7f80c5>
  dc:	80 93 c4 00 	sts	0x00C4, r24	; 0x8000c4 <__TEXT_REGION_LENGTH__+0x7f80c4>

000000e0 <.Loc.19>:
  UCSR0A = 0;
  e0:	10 92 c0 00 	sts	0x00C0, r1	; 0x8000c0 <__TEXT_REGION_LENGTH__+0x7f80c0>

000000e4 <.Loc.21>:
  UCSR0B = _BV(RXEN0) | _BV(TXEN0);
  e4:	88 e1       	ldi	r24, 0x18	; 24
  e6:	80 93 c1 00 	sts	0x00C1, r24	; 0x8000c1 <__TEXT_REGION_LENGTH__+0x7f80c1>

000000ea <.Loc.23>:
  UCSR0C = _BV(UCSZ00) | _BV(UCSZ01);
  ea:	86 e0       	ldi	r24, 0x06	; 6
  ec:	80 93 c2 00 	sts	0x00C2, r24	; 0x8000c2 <__TEXT_REGION_LENGTH__+0x7f80c2>

000000f0 <.Loc.25>:
}
  f0:	08 95       	ret

000000f2 <blink_short>:
const int16_t LONG_BLINK = 500;
const int16_t SHORT_BLINK = 200;


void blink_short(void) {
    LED_PORT |= _BV(LED);
  f2:	2d 9a       	sbi	0x05, 5	; 5

000000f4 <.LBB46>:
	#else
		//round up by default
		__ticks_dc = (uint32_t)(__builtin_ceil(__builtin_fabs(__tmp)));
	#endif

	__builtin_avr_delay_cycles(__ticks_dc);
  f4:	2f ef       	ldi	r18, 0xFF	; 255
  f6:	83 ec       	ldi	r24, 0xC3	; 195
  f8:	99 e0       	ldi	r25, 0x09	; 9

000000fa <.L1^B1>:
  fa:	21 50       	subi	r18, 0x01	; 1
  fc:	80 40       	sbci	r24, 0x00	; 0
  fe:	90 40       	sbci	r25, 0x00	; 0
 100:	e1 f7       	brne	.-8      	; 0xfa <.L1^B1>
 102:	00 c0       	rjmp	.+0      	; 0x104 <L0^A>

00000104 <L0^A>:
	...

00000106 <.LBE46>:
    _delay_ms(SHORT_BLINK);
    LED_PORT &= ~ _BV(LED);
 106:	2d 98       	cbi	0x05, 5	; 5

00000108 <.Loc.40>:
}
 108:	08 95       	ret

0000010a <blink_long>:
void blink_long(void) {
    LED_PORT |= _BV(LED);
 10a:	2d 9a       	sbi	0x05, 5	; 5

0000010c <.LBB48>:
 10c:	2f ef       	ldi	r18, 0xFF	; 255
 10e:	89 e6       	ldi	r24, 0x69	; 105
 110:	98 e1       	ldi	r25, 0x18	; 24

00000112 <.L1^B2>:
 112:	21 50       	subi	r18, 0x01	; 1
 114:	80 40       	sbci	r24, 0x00	; 0
 116:	90 40       	sbci	r25, 0x00	; 0
 118:	e1 f7       	brne	.-8      	; 0x112 <.L1^B2>
 11a:	00 c0       	rjmp	.+0      	; 0x11c <L0^A>

0000011c <L0^A>:
	...

0000011e <.LBE48>:
    _delay_ms(LONG_BLINK);
    LED_PORT &= ~ _BV(LED);
 11e:	2d 98       	cbi	0x05, 5	; 5

00000120 <.Loc.55>:
}
 120:	08 95       	ret

00000122 <handle_char>:

void handle_char(char c) {
    if(c == '\n' || c == ' ') {
 122:	8a 30       	cpi	r24, 0x0A	; 10
 124:	09 f4       	brne	.+2      	; 0x128 <.Loc.59>

00000126 <L0^A>:
 126:	4c c0       	rjmp	.+152    	; 0x1c0 <.L13>

00000128 <.Loc.59>:
 128:	80 32       	cpi	r24, 0x20	; 32
 12a:	09 f4       	brne	.+2      	; 0x12e <.Loc.60>

0000012c <L0^A>:
 12c:	49 c0       	rjmp	.+146    	; 0x1c0 <.L13>

0000012e <.Loc.60>:
        _delay_ms(WORDS_DELAY); 
        return;
    }

    if(c < 'a' || c > 'z') {
 12e:	9f e9       	ldi	r25, 0x9F	; 159
 130:	98 0f       	add	r25, r24

00000132 <.Loc.62>:
 132:	9a 31       	cpi	r25, 0x1A	; 26
 134:	08 f0       	brcs	.+2      	; 0x138 <.LBB93>

00000136 <L0^A>:
 136:	43 c0       	rjmp	.+134    	; 0x1be <.L12>

00000138 <.LBB93>:
        return;
    }

    for(int8_t i = 0; morse_code[c - 'a'][i]; i++) {
 138:	98 2f       	mov	r25, r24
 13a:	99 0f       	add	r25, r25
 13c:	99 0b       	sbc	r25, r25
 13e:	81 56       	subi	r24, 0x61	; 97
 140:	91 09       	sbc	r25, r1

00000142 <.Loc.65>:
 142:	fc 01       	movw	r30, r24
 144:	ee 0f       	add	r30, r30
 146:	ff 1f       	adc	r31, r31
 148:	e8 0f       	add	r30, r24
 14a:	f9 1f       	adc	r31, r25
 14c:	ee 0f       	add	r30, r30
 14e:	ff 1f       	adc	r31, r31
 150:	e6 5f       	subi	r30, 0xF6	; 246
 152:	fe 4f       	sbci	r31, 0xFE	; 254
 154:	80 81       	ld	r24, Z

00000156 <.Loc.66>:
 156:	81 15       	cp	r24, r1
 158:	49 f1       	breq	.+82     	; 0x1ac <.L16>

0000015a <.Loc.67>:
 15a:	90 e0       	ldi	r25, 0x00	; 0
 15c:	1c c0       	rjmp	.+56     	; 0x196 <.L19>

0000015e <.L17>:
 15e:	2f ef       	ldi	r18, 0xFF	; 255
 160:	39 e6       	ldi	r19, 0x69	; 105
 162:	88 e1       	ldi	r24, 0x18	; 24

00000164 <.L1^B3>:
 164:	21 50       	subi	r18, 0x01	; 1
 166:	30 40       	sbci	r19, 0x00	; 0
 168:	80 40       	sbci	r24, 0x00	; 0
 16a:	e1 f7       	brne	.-8      	; 0x164 <.L1^B3>

0000016c <.L29>:
 16c:	00 c0       	rjmp	.+0      	; 0x16e <L0^A>

0000016e <L0^A>:
	...

00000170 <.LBE97>:
    LED_PORT &= ~ _BV(LED);
 170:	2d 98       	cbi	0x05, 5	; 5

00000172 <.LBB99>:
 172:	2f ef       	ldi	r18, 0xFF	; 255
 174:	31 ee       	ldi	r19, 0xE1	; 225
 176:	84 e0       	ldi	r24, 0x04	; 4

00000178 <.L1^B4>:
 178:	21 50       	subi	r18, 0x01	; 1
 17a:	30 40       	sbci	r19, 0x00	; 0
 17c:	80 40       	sbci	r24, 0x00	; 0
 17e:	e1 f7       	brne	.-8      	; 0x178 <.L1^B4>
 180:	00 c0       	rjmp	.+0      	; 0x182 <L0^A>

00000182 <L0^A>:
	...

00000184 <.LBE99>:
    for(int8_t i = 0; morse_code[c - 'a'][i]; i++) {
 184:	9f 5f       	subi	r25, 0xFF	; 255

00000186 <.Loc.92>:
 186:	df 01       	movw	r26, r30
 188:	a9 0f       	add	r26, r25
 18a:	b1 1d       	adc	r27, r1
 18c:	97 fd       	sbrc	r25, 7
 18e:	ba 95       	dec	r27
 190:	8c 91       	ld	r24, X

00000192 <.Loc.94>:
 192:	81 15       	cp	r24, r1
 194:	59 f0       	breq	.+22     	; 0x1ac <.L16>

00000196 <.L19>:
    LED_PORT |= _BV(LED);
 196:	2d 9a       	sbi	0x05, 5	; 5

00000198 <.Loc.97>:
        if(morse_code[c - 'a'][i] == '0') {
 198:	80 33       	cpi	r24, 0x30	; 48
 19a:	09 f7       	brne	.-62     	; 0x15e <.L17>

0000019c <.LBB103>:
 19c:	2f ef       	ldi	r18, 0xFF	; 255
 19e:	33 ec       	ldi	r19, 0xC3	; 195
 1a0:	89 e0       	ldi	r24, 0x09	; 9

000001a2 <.L1^B5>:
 1a2:	21 50       	subi	r18, 0x01	; 1
 1a4:	30 40       	sbci	r19, 0x00	; 0
 1a6:	80 40       	sbci	r24, 0x00	; 0
 1a8:	e1 f7       	brne	.-8      	; 0x1a2 <.L1^B5>
 1aa:	e0 cf       	rjmp	.-64     	; 0x16c <.L29>

000001ac <.L16>:
 1ac:	9f ef       	ldi	r25, 0xFF	; 255
 1ae:	25 ea       	ldi	r18, 0xA5	; 165
 1b0:	3e e0       	ldi	r19, 0x0E	; 14

000001b2 <.L1^B6>:
 1b2:	91 50       	subi	r25, 0x01	; 1
 1b4:	20 40       	sbci	r18, 0x00	; 0
 1b6:	30 40       	sbci	r19, 0x00	; 0
 1b8:	e1 f7       	brne	.-8      	; 0x1b2 <.L1^B6>
 1ba:	00 c0       	rjmp	.+0      	; 0x1bc <L0^A>

000001bc <L0^A>:
	...

000001be <.L12>:
        }
        
        _delay_ms(DASH_DOT_DELAY);
    }
    _delay_ms(CHAR_DELAY);
}
 1be:	08 95       	ret

000001c0 <.L13>:
 1c0:	2f ef       	ldi	r18, 0xFF	; 255
 1c2:	3d e2       	ldi	r19, 0x2D	; 45
 1c4:	82 e2       	ldi	r24, 0x22	; 34

000001c6 <.L1^B7>:
 1c6:	21 50       	subi	r18, 0x01	; 1
 1c8:	30 40       	sbci	r19, 0x00	; 0
 1ca:	80 40       	sbci	r24, 0x00	; 0
 1cc:	e1 f7       	brne	.-8      	; 0x1c6 <.L1^B7>

000001ce <.Loc.128>:
 1ce:	00 c0       	rjmp	.+0      	; 0x1d0 <L0^A>

000001d0 <L0^A>:
	...

000001d2 <.LBE109>:
        return;
 1d2:	08 95       	ret

000001d4 <main>:

int main() {
 1d4:	0f 92       	push	r0
 1d6:	cd b7       	in	r28, 0x3d	; 61
 1d8:	de b7       	in	r29, 0x3e	; 62

000001da <.LBB146>:
  UBRR0 = UBRR_VALUE;
 1da:	87 e6       	ldi	r24, 0x67	; 103
 1dc:	90 e0       	ldi	r25, 0x00	; 0
 1de:	90 93 c5 00 	sts	0x00C5, r25	; 0x8000c5 <__TEXT_REGION_LENGTH__+0x7f80c5>
 1e2:	80 93 c4 00 	sts	0x00C4, r24	; 0x8000c4 <__TEXT_REGION_LENGTH__+0x7f80c4>

000001e6 <.Loc.136>:
  UCSR0A = 0;
 1e6:	10 92 c0 00 	sts	0x00C0, r1	; 0x8000c0 <__TEXT_REGION_LENGTH__+0x7f80c0>

000001ea <.Loc.138>:
  UCSR0B = _BV(RXEN0) | _BV(TXEN0);
 1ea:	88 e1       	ldi	r24, 0x18	; 24
 1ec:	80 93 c1 00 	sts	0x00C1, r24	; 0x8000c1 <__TEXT_REGION_LENGTH__+0x7f80c1>

000001f0 <.Loc.140>:
  UCSR0C = _BV(UCSZ00) | _BV(UCSZ01);
 1f0:	86 e0       	ldi	r24, 0x06	; 6
 1f2:	80 93 c2 00 	sts	0x00C2, r24	; 0x8000c2 <__TEXT_REGION_LENGTH__+0x7f80c2>

000001f6 <.LBE146>:
    uart_init();
    fdev_setup_stream(&uart_file, uart_transmit, uart_receive, _FDEV_SETUP_RW);
 1f6:	80 ec       	ldi	r24, 0xC0	; 192
 1f8:	91 e0       	ldi	r25, 0x01	; 1
 1fa:	29 e5       	ldi	r18, 0x59	; 89
 1fc:	30 e0       	ldi	r19, 0x00	; 0
 1fe:	20 93 c8 01 	sts	0x01C8, r18	; 0x8001c8 <uart_file+0x8>
 202:	30 93 c9 01 	sts	0x01C9, r19	; 0x8001c9 <uart_file+0x9>

00000206 <.Loc.144>:
 206:	22 e6       	ldi	r18, 0x62	; 98
 208:	30 e0       	ldi	r19, 0x00	; 0
 20a:	20 93 ca 01 	sts	0x01CA, r18	; 0x8001ca <uart_file+0xa>
 20e:	30 93 cb 01 	sts	0x01CB, r19	; 0x8001cb <uart_file+0xb>

00000212 <.Loc.145>:
 212:	23 e0       	ldi	r18, 0x03	; 3
 214:	20 93 c3 01 	sts	0x01C3, r18	; 0x8001c3 <uart_file+0x3>

00000218 <.Loc.146>:
 218:	10 92 cc 01 	sts	0x01CC, r1	; 0x8001cc <uart_file+0xc>
 21c:	10 92 cd 01 	sts	0x01CD, r1	; 0x8001cd <uart_file+0xd>

00000220 <.Loc.147>:
    stdin = stdout = stderr = &uart_file;
 220:	80 93 d2 01 	sts	0x01D2, r24	; 0x8001d2 <__iob+0x4>
 224:	90 93 d3 01 	sts	0x01D3, r25	; 0x8001d3 <__iob+0x5>

00000228 <.Loc.150>:
 228:	80 93 d0 01 	sts	0x01D0, r24	; 0x8001d0 <__iob+0x2>
 22c:	90 93 d1 01 	sts	0x01D1, r25	; 0x8001d1 <__iob+0x3>

00000230 <.Loc.151>:
 230:	80 93 ce 01 	sts	0x01CE, r24	; 0x8001ce <__iob>
 234:	90 93 cf 01 	sts	0x01CF, r25	; 0x8001cf <__iob+0x1>

00000238 <.Loc.152>:
    
    printf("start mikrokontrolera\r\n");
 238:	86 ea       	ldi	r24, 0xA6	; 166
 23a:	91 e0       	ldi	r25, 0x01	; 1
 23c:	0e 94 8c 01 	call	0x318	; 0x318 <puts>

00000240 <.LVL23>:
 240:	7e 01       	movw	r14, r28
 242:	2f ef       	ldi	r18, 0xFF	; 255
 244:	e2 1a       	sub	r14, r18
 246:	f2 0a       	sbc	r15, r18

00000248 <.LBB148>:
    while(1) {
        char c = '\n';
 248:	4a e0       	ldi	r20, 0x0A	; 10
 24a:	d4 2e       	mov	r13, r20

0000024c <.Loc.154>:
        scanf("%c", &c);
 24c:	0d eb       	ldi	r16, 0xBD	; 189
 24e:	11 e0       	ldi	r17, 0x01	; 1

00000250 <.L38>:
        char c = '\n';
 250:	d9 82       	std	Y+1, r13	; 0x01

00000252 <.Loc.158>:
        scanf("%c", &c);
 252:	ff 92       	push	r15
 254:	ef 92       	push	r14
 256:	1f 93       	push	r17
 258:	0f 93       	push	r16
 25a:	0e 94 b8 01 	call	0x370	; 0x370 <scanf>

0000025e <.LVL24>:
        handle_char(c);
 25e:	89 81       	ldd	r24, Y+1	; 0x01

00000260 <.LBB149>:
    if(c == '\n' || c == ' ') {
 260:	0f 90       	pop	r0
 262:	0f 90       	pop	r0
 264:	0f 90       	pop	r0
 266:	0f 90       	pop	r0
 268:	8a 30       	cpi	r24, 0x0A	; 10
 26a:	09 f4       	brne	.+2      	; 0x26e <.Loc.163>

0000026c <L0^A>:
 26c:	4b c0       	rjmp	.+150    	; 0x304 <.L31>

0000026e <.Loc.163>:
 26e:	80 32       	cpi	r24, 0x20	; 32
 270:	09 f4       	brne	.+2      	; 0x274 <.Loc.164>

00000272 <L0^A>:
 272:	48 c0       	rjmp	.+144    	; 0x304 <.L31>

00000274 <.Loc.164>:
    if(c < 'a' || c > 'z') {
 274:	9f e9       	ldi	r25, 0x9F	; 159
 276:	98 0f       	add	r25, r24

00000278 <.Loc.166>:
 278:	9a 31       	cpi	r25, 0x1A	; 26
 27a:	50 f7       	brcc	.-44     	; 0x250 <.L38>

0000027c <.LBB151>:
    for(int8_t i = 0; morse_code[c - 'a'][i]; i++) {
 27c:	98 2f       	mov	r25, r24
 27e:	99 0f       	add	r25, r25
 280:	99 0b       	sbc	r25, r25
 282:	81 56       	subi	r24, 0x61	; 97
 284:	91 09       	sbc	r25, r1

00000286 <.Loc.169>:
 286:	fc 01       	movw	r30, r24
 288:	ee 0f       	add	r30, r30
 28a:	ff 1f       	adc	r31, r31
 28c:	e8 0f       	add	r30, r24
 28e:	f9 1f       	adc	r31, r25
 290:	ee 0f       	add	r30, r30
 292:	ff 1f       	adc	r31, r31
 294:	e6 5f       	subi	r30, 0xF6	; 246
 296:	fe 4f       	sbci	r31, 0xFE	; 254
 298:	80 81       	ld	r24, Z

0000029a <.Loc.170>:
 29a:	81 15       	cp	r24, r1
 29c:	49 f1       	breq	.+82     	; 0x2f0 <.L34>

0000029e <.Loc.171>:
 29e:	90 e0       	ldi	r25, 0x00	; 0
 2a0:	1c c0       	rjmp	.+56     	; 0x2da <.L37>

000002a2 <.L35>:
 2a2:	2f ef       	ldi	r18, 0xFF	; 255
 2a4:	39 e6       	ldi	r19, 0x69	; 105
 2a6:	88 e1       	ldi	r24, 0x18	; 24

000002a8 <.L1^B8>:
 2a8:	21 50       	subi	r18, 0x01	; 1
 2aa:	30 40       	sbci	r19, 0x00	; 0
 2ac:	80 40       	sbci	r24, 0x00	; 0
 2ae:	e1 f7       	brne	.-8      	; 0x2a8 <.L1^B8>

000002b0 <.L48>:
 2b0:	00 c0       	rjmp	.+0      	; 0x2b2 <L0^A>

000002b2 <L0^A>:
	...

000002b4 <.LBE155>:
    LED_PORT &= ~ _BV(LED);
 2b4:	2d 98       	cbi	0x05, 5	; 5

000002b6 <.LBB157>:
 2b6:	2f ef       	ldi	r18, 0xFF	; 255
 2b8:	31 ee       	ldi	r19, 0xE1	; 225
 2ba:	84 e0       	ldi	r24, 0x04	; 4

000002bc <.L1^B9>:
 2bc:	21 50       	subi	r18, 0x01	; 1
 2be:	30 40       	sbci	r19, 0x00	; 0
 2c0:	80 40       	sbci	r24, 0x00	; 0
 2c2:	e1 f7       	brne	.-8      	; 0x2bc <.L1^B9>
 2c4:	00 c0       	rjmp	.+0      	; 0x2c6 <L0^A>

000002c6 <L0^A>:
	...

000002c8 <.LBE157>:
    for(int8_t i = 0; morse_code[c - 'a'][i]; i++) {
 2c8:	9f 5f       	subi	r25, 0xFF	; 255

000002ca <.Loc.196>:
 2ca:	df 01       	movw	r26, r30
 2cc:	a9 0f       	add	r26, r25
 2ce:	b1 1d       	adc	r27, r1
 2d0:	97 fd       	sbrc	r25, 7
 2d2:	ba 95       	dec	r27
 2d4:	8c 91       	ld	r24, X

000002d6 <.Loc.198>:
 2d6:	81 15       	cp	r24, r1
 2d8:	59 f0       	breq	.+22     	; 0x2f0 <.L34>

000002da <.L37>:
    LED_PORT |= _BV(LED);
 2da:	2d 9a       	sbi	0x05, 5	; 5

000002dc <.Loc.201>:
        if(morse_code[c - 'a'][i] == '0') {
 2dc:	80 33       	cpi	r24, 0x30	; 48
 2de:	09 f7       	brne	.-62     	; 0x2a2 <.L35>

000002e0 <.LBB161>:
 2e0:	2f ef       	ldi	r18, 0xFF	; 255
 2e2:	33 ec       	ldi	r19, 0xC3	; 195
 2e4:	89 e0       	ldi	r24, 0x09	; 9

000002e6 <.L1^B10>:
 2e6:	21 50       	subi	r18, 0x01	; 1
 2e8:	30 40       	sbci	r19, 0x00	; 0
 2ea:	80 40       	sbci	r24, 0x00	; 0
 2ec:	e1 f7       	brne	.-8      	; 0x2e6 <.L1^B10>
 2ee:	e0 cf       	rjmp	.-64     	; 0x2b0 <.L48>

000002f0 <.L34>:
 2f0:	9f ef       	ldi	r25, 0xFF	; 255
 2f2:	25 ea       	ldi	r18, 0xA5	; 165
 2f4:	3e e0       	ldi	r19, 0x0E	; 14

000002f6 <.L1^B11>:
 2f6:	91 50       	subi	r25, 0x01	; 1
 2f8:	20 40       	sbci	r18, 0x00	; 0
 2fa:	30 40       	sbci	r19, 0x00	; 0
 2fc:	e1 f7       	brne	.-8      	; 0x2f6 <.L1^B11>
 2fe:	00 c0       	rjmp	.+0      	; 0x300 <L0^A>

00000300 <L0^A>:
	...

00000302 <.LBE151>:
    while(1) {
 302:	a6 cf       	rjmp	.-180    	; 0x250 <.L38>

00000304 <.L31>:
 304:	3f ef       	ldi	r19, 0xFF	; 255
 306:	8d e2       	ldi	r24, 0x2D	; 45
 308:	92 e2       	ldi	r25, 0x22	; 34

0000030a <.L1^B12>:
 30a:	31 50       	subi	r19, 0x01	; 1
 30c:	80 40       	sbci	r24, 0x00	; 0
 30e:	90 40       	sbci	r25, 0x00	; 0
 310:	e1 f7       	brne	.-8      	; 0x30a <.L1^B12>

00000312 <.Loc.232>:
 312:	00 c0       	rjmp	.+0      	; 0x314 <L0^A>

00000314 <L0^A>:
	...

00000316 <.LBE167>:
        return;
 316:	9c cf       	rjmp	.-200    	; 0x250 <.L38>

00000318 <puts>:
 318:	0f 93       	push	r16
 31a:	1f 93       	push	r17
 31c:	cf 93       	push	r28
 31e:	df 93       	push	r29
 320:	e0 91 d0 01 	lds	r30, 0x01D0	; 0x8001d0 <__iob+0x2>
 324:	f0 91 d1 01 	lds	r31, 0x01D1	; 0x8001d1 <__iob+0x3>
 328:	23 81       	ldd	r18, Z+3	; 0x03
 32a:	00 e0       	ldi	r16, 0x00	; 0
 32c:	10 e0       	ldi	r17, 0x00	; 0
 32e:	21 fd       	sbrc	r18, 1
 330:	0e c0       	rjmp	.+28     	; 0x34e <.L2>

00000332 <.L6>:
 332:	0f ef       	ldi	r16, 0xFF	; 255
 334:	1f ef       	ldi	r17, 0xFF	; 255

00000336 <.L1>:
 336:	c8 01       	movw	r24, r16
 338:	df 91       	pop	r29
 33a:	cf 91       	pop	r28
 33c:	1f 91       	pop	r17
 33e:	0f 91       	pop	r16
 340:	08 95       	ret

00000342 <.L5>:
 342:	09 95       	icall
 344:	89 2b       	or	r24, r25
 346:	11 f0       	breq	.+4      	; 0x34c <.L4>
 348:	0f ef       	ldi	r16, 0xFF	; 255
 34a:	1f ef       	ldi	r17, 0xFF	; 255

0000034c <.L4>:
 34c:	ce 01       	movw	r24, r28

0000034e <.L2>:
 34e:	ec 01       	movw	r28, r24
 350:	89 91       	ld	r24, Y+
 352:	60 91 d0 01 	lds	r22, 0x01D0	; 0x8001d0 <__iob+0x2>
 356:	70 91 d1 01 	lds	r23, 0x01D1	; 0x8001d1 <__iob+0x3>
 35a:	db 01       	movw	r26, r22
 35c:	18 96       	adiw	r26, 0x08	; 8
 35e:	ed 91       	ld	r30, X+
 360:	fc 91       	ld	r31, X
 362:	81 11       	cpse	r24, r1
 364:	ee cf       	rjmp	.-36     	; 0x342 <.L5>
 366:	8a e0       	ldi	r24, 0x0A	; 10
 368:	09 95       	icall
 36a:	89 2b       	or	r24, r25
 36c:	21 f3       	breq	.-56     	; 0x336 <.L1>
 36e:	e1 cf       	rjmp	.-62     	; 0x332 <.L6>

00000370 <scanf>:
 370:	a0 e0       	ldi	r26, 0x00	; 0
 372:	b0 e0       	ldi	r27, 0x00	; 0
 374:	ee eb       	ldi	r30, 0xBE	; 190
 376:	f1 e0       	ldi	r31, 0x01	; 1
 378:	0c 94 07 05 	jmp	0xa0e	; 0xa0e <.Loc.16>

0000037c <.L1^B1>:
 37c:	ae 01       	movw	r20, r28
 37e:	4b 5f       	subi	r20, 0xFB	; 251
 380:	5f 4f       	sbci	r21, 0xFF	; 255
 382:	fa 01       	movw	r30, r20
 384:	61 91       	ld	r22, Z+
 386:	71 91       	ld	r23, Z+
 388:	af 01       	movw	r20, r30
 38a:	80 91 ce 01 	lds	r24, 0x01CE	; 0x8001ce <__iob>
 38e:	90 91 cf 01 	lds	r25, 0x01CF	; 0x8001cf <__iob+0x1>
 392:	0e 94 55 03 	call	0x6aa	; 0x6aa <vfscanf>
 396:	e2 e0       	ldi	r30, 0x02	; 2
 398:	0c 94 23 05 	jmp	0xa46	; 0xa46 <.Loc.16>

0000039c <putval>:
 39c:	cf 92       	push	r12
 39e:	df 92       	push	r13
 3a0:	ef 92       	push	r14
 3a2:	ff 92       	push	r15
 3a4:	fc 01       	movw	r30, r24
 3a6:	6a 01       	movw	r12, r20
 3a8:	7b 01       	movw	r14, r22
 3aa:	20 fd       	sbrc	r18, 0
 3ac:	08 c0       	rjmp	.+16     	; 0x3be <.L1>
 3ae:	23 fd       	sbrc	r18, 3
 3b0:	05 c0       	rjmp	.+10     	; 0x3bc <.L1^B1>
 3b2:	22 ff       	sbrs	r18, 2
 3b4:	02 c0       	rjmp	.+4      	; 0x3ba <.L2^B1>
 3b6:	f3 82       	std	Z+3, r15	; 0x03
 3b8:	e2 82       	std	Z+2, r14	; 0x02

000003ba <.L2^B1>:
 3ba:	d1 82       	std	Z+1, r13	; 0x01

000003bc <.L1^B1>:
 3bc:	c0 82       	st	Z, r12

000003be <.L1>:
 3be:	ff 90       	pop	r15
 3c0:	ef 90       	pop	r14
 3c2:	df 90       	pop	r13
 3c4:	cf 90       	pop	r12
 3c6:	08 95       	ret

000003c8 <mulacc>:
 3c8:	cf 92       	push	r12
 3ca:	df 92       	push	r13
 3cc:	ef 92       	push	r14
 3ce:	ff 92       	push	r15
 3d0:	6b 01       	movw	r12, r22
 3d2:	7c 01       	movw	r14, r24
 3d4:	83 e0       	ldi	r24, 0x03	; 3
 3d6:	44 fd       	sbrc	r20, 4
 3d8:	10 c0       	rjmp	.+32     	; 0x3fa <.L5>
 3da:	84 e0       	ldi	r24, 0x04	; 4
 3dc:	46 fd       	sbrc	r20, 6
 3de:	0d c0       	rjmp	.+26     	; 0x3fa <.L5>
 3e0:	d6 01       	movw	r26, r12
 3e2:	f7 01       	movw	r30, r14

000003e4 <.L1^B2>:
 3e4:	aa 0f       	add	r26, r26
 3e6:	bb 1f       	adc	r27, r27
 3e8:	ee 1f       	adc	r30, r30
 3ea:	ff 1f       	adc	r31, r31
 3ec:	10 94       	com	r1
 3ee:	d1 f7       	brne	.-12     	; 0x3e4 <.L1^B2>
 3f0:	ca 0e       	add	r12, r26
 3f2:	db 1e       	adc	r13, r27
 3f4:	ee 1e       	adc	r14, r30
 3f6:	ff 1e       	adc	r15, r31
 3f8:	81 e0       	ldi	r24, 0x01	; 1

000003fa <.L5>:
 3fa:	cc 0c       	add	r12, r12
 3fc:	dd 1c       	adc	r13, r13
 3fe:	ee 1c       	adc	r14, r14
 400:	ff 1c       	adc	r15, r15
 402:	8a 95       	dec	r24
 404:	d1 f7       	brne	.-12     	; 0x3fa <.L5>
 406:	c7 01       	movw	r24, r14
 408:	b6 01       	movw	r22, r12
 40a:	62 0f       	add	r22, r18
 40c:	71 1d       	adc	r23, r1
 40e:	81 1d       	adc	r24, r1
 410:	91 1d       	adc	r25, r1
 412:	ff 90       	pop	r15
 414:	ef 90       	pop	r14
 416:	df 90       	pop	r13
 418:	cf 90       	pop	r12
 41a:	08 95       	ret

0000041c <skip_spaces>:
 41c:	0f 93       	push	r16
 41e:	1f 93       	push	r17
 420:	cf 93       	push	r28
 422:	df 93       	push	r29
 424:	8c 01       	movw	r16, r24

00000426 <.L11>:
 426:	c8 01       	movw	r24, r16
 428:	0e 94 98 04 	call	0x930	; 0x930 <fgetc>
 42c:	ec 01       	movw	r28, r24
 42e:	97 fd       	sbrc	r25, 7
 430:	08 c0       	rjmp	.+16     	; 0x442 <.L9>
 432:	0e 94 84 04 	call	0x908	; 0x908 <isspace>
 436:	89 2b       	or	r24, r25
 438:	b1 f7       	brne	.-20     	; 0x426 <.L11>
 43a:	b8 01       	movw	r22, r16
 43c:	ce 01       	movw	r24, r28
 43e:	0e 94 db 04 	call	0x9b6	; 0x9b6 <ungetc>

00000442 <.L9>:
 442:	ce 01       	movw	r24, r28
 444:	df 91       	pop	r29
 446:	cf 91       	pop	r28
 448:	1f 91       	pop	r17
 44a:	0f 91       	pop	r16
 44c:	08 95       	ret

0000044e <conv_int>:
 44e:	a0 e0       	ldi	r26, 0x00	; 0
 450:	b0 e0       	ldi	r27, 0x00	; 0
 452:	ed e2       	ldi	r30, 0x2D	; 45
 454:	f2 e0       	ldi	r31, 0x02	; 2
 456:	0c 94 fd 04 	jmp	0x9fa	; 0x9fa <.Loc.6>

0000045a <.L1^B3>:
 45a:	5c 01       	movw	r10, r24
 45c:	16 2f       	mov	r17, r22
 45e:	4a 01       	movw	r8, r20
 460:	f2 2e       	mov	r15, r18
 462:	0e 94 98 04 	call	0x930	; 0x930 <fgetc>
 466:	ec 01       	movw	r28, r24
 468:	99 27       	eor	r25, r25
 46a:	cb 32       	cpi	r28, 0x2B	; 43
 46c:	21 f0       	breq	.+8      	; 0x476 <.L14>
 46e:	8d 97       	sbiw	r24, 0x2d	; 45
 470:	81 f4       	brne	.+32     	; 0x492 <.L15>
 472:	68 94       	set
 474:	f7 f8       	bld	r15, 7

00000476 <.L14>:
 476:	1a 95       	dec	r17
 478:	31 f4       	brne	.+12     	; 0x486 <.L16>

0000047a <.L18>:
 47a:	80 e0       	ldi	r24, 0x00	; 0

0000047c <.L13>:
 47c:	cd b7       	in	r28, 0x3d	; 61
 47e:	de b7       	in	r29, 0x3e	; 62
 480:	ec e0       	ldi	r30, 0x0C	; 12
 482:	0c 94 19 05 	jmp	0xa32	; 0xa32 <.Loc.6>

00000486 <.L16>:
 486:	c5 01       	movw	r24, r10
 488:	0e 94 98 04 	call	0x930	; 0x930 <fgetc>
 48c:	ec 01       	movw	r28, r24
 48e:	97 fd       	sbrc	r25, 7
 490:	f4 cf       	rjmp	.-24     	; 0x47a <.L18>

00000492 <.L15>:
 492:	0f 2d       	mov	r16, r15
 494:	0d 7f       	andi	r16, 0xFD	; 253
 496:	8f 2d       	mov	r24, r15
 498:	80 73       	andi	r24, 0x30	; 48
 49a:	81 11       	cpse	r24, r1
 49c:	2f c0       	rjmp	.+94     	; 0x4fc <.L19>
 49e:	c0 33       	cpi	r28, 0x30	; 48
 4a0:	69 f5       	brne	.+90     	; 0x4fc <.L19>
 4a2:	ee 24       	eor	r14, r14
 4a4:	ea 94       	dec	r14
 4a6:	e1 0e       	add	r14, r17
 4a8:	e1 14       	cp	r14, r1
 4aa:	31 f0       	breq	.+12     	; 0x4b8 <.L24>
 4ac:	c5 01       	movw	r24, r10
 4ae:	0e 94 98 04 	call	0x930	; 0x930 <fgetc>
 4b2:	ec 01       	movw	r28, r24
 4b4:	97 ff       	sbrs	r25, 7
 4b6:	15 c0       	rjmp	.+42     	; 0x4e2 <.L21>

000004b8 <.L24>:
 4b8:	c1 2c       	mov	r12, r1
 4ba:	d1 2c       	mov	r13, r1
 4bc:	76 01       	movw	r14, r12

000004be <.L22>:
 4be:	07 ff       	sbrs	r16, 7
 4c0:	08 c0       	rjmp	.+16     	; 0x4d2 <.L31>
 4c2:	f0 94       	com	r15
 4c4:	e0 94       	com	r14
 4c6:	d0 94       	com	r13
 4c8:	c0 94       	com	r12
 4ca:	c1 1c       	adc	r12, r1
 4cc:	d1 1c       	adc	r13, r1
 4ce:	e1 1c       	adc	r14, r1
 4d0:	f1 1c       	adc	r15, r1

000004d2 <.L31>:
 4d2:	20 2f       	mov	r18, r16
 4d4:	b7 01       	movw	r22, r14
 4d6:	a6 01       	movw	r20, r12
 4d8:	c4 01       	movw	r24, r8
 4da:	0e 94 ce 01 	call	0x39c	; 0x39c <putval>
 4de:	81 e0       	ldi	r24, 0x01	; 1
 4e0:	cd cf       	rjmp	.-102    	; 0x47c <.L13>

000004e2 <.L21>:
 4e2:	8f 7d       	andi	r24, 0xDF	; 223
 4e4:	0f 2d       	mov	r16, r15
 4e6:	88 35       	cpi	r24, 0x58	; 88
 4e8:	11 f5       	brne	.+68     	; 0x52e <.L23>
 4ea:	02 64       	ori	r16, 0x42	; 66
 4ec:	12 50       	subi	r17, 0x02	; 2
 4ee:	21 f3       	breq	.-56     	; 0x4b8 <.L24>
 4f0:	c5 01       	movw	r24, r10
 4f2:	0e 94 98 04 	call	0x930	; 0x930 <fgetc>
 4f6:	ec 01       	movw	r28, r24
 4f8:	97 fd       	sbrc	r25, 7
 4fa:	de cf       	rjmp	.-68     	; 0x4b8 <.L24>

000004fc <.L19>:
 4fc:	c1 2c       	mov	r12, r1
 4fe:	d1 2c       	mov	r13, r1
 500:	76 01       	movw	r14, r12

00000502 <.L30>:
 502:	2c 2f       	mov	r18, r28
 504:	20 53       	subi	r18, 0x30	; 48
 506:	28 30       	cpi	r18, 0x08	; 8
 508:	d0 f0       	brcs	.+52     	; 0x53e <.L26>
 50a:	04 fd       	sbrc	r16, 4
 50c:	09 c0       	rjmp	.+18     	; 0x520 <.L27>
 50e:	2a 30       	cpi	r18, 0x0A	; 10
 510:	b0 f0       	brcs	.+44     	; 0x53e <.L26>
 512:	06 ff       	sbrs	r16, 6
 514:	05 c0       	rjmp	.+10     	; 0x520 <.L27>
 516:	2f 7d       	andi	r18, 0xDF	; 223
 518:	8f ee       	ldi	r24, 0xEF	; 239
 51a:	82 0f       	add	r24, r18
 51c:	86 30       	cpi	r24, 0x06	; 6
 51e:	70 f0       	brcs	.+28     	; 0x53c <.L28>

00000520 <.L27>:
 520:	b5 01       	movw	r22, r10
 522:	ce 01       	movw	r24, r28
 524:	0e 94 db 04 	call	0x9b6	; 0x9b6 <ungetc>
 528:	01 ff       	sbrs	r16, 1
 52a:	a7 cf       	rjmp	.-178    	; 0x47a <.L18>
 52c:	c8 cf       	rjmp	.-112    	; 0x4be <.L22>

0000052e <.L23>:
 52e:	f6 fe       	sbrs	r15, 6
 530:	03 c0       	rjmp	.+6      	; 0x538 <.L25>
 532:	02 60       	ori	r16, 0x02	; 2

00000534 <.L51>:
 534:	1e 2d       	mov	r17, r14
 536:	e2 cf       	rjmp	.-60     	; 0x4fc <.L19>

00000538 <.L25>:
 538:	02 61       	ori	r16, 0x12	; 18
 53a:	fc cf       	rjmp	.-8      	; 0x534 <.L51>

0000053c <.L28>:
 53c:	27 50       	subi	r18, 0x07	; 7

0000053e <.L26>:
 53e:	40 2f       	mov	r20, r16
 540:	c7 01       	movw	r24, r14
 542:	b6 01       	movw	r22, r12
 544:	0e 94 e4 01 	call	0x3c8	; 0x3c8 <mulacc>
 548:	6b 01       	movw	r12, r22
 54a:	7c 01       	movw	r14, r24
 54c:	02 60       	ori	r16, 0x02	; 2
 54e:	1a 95       	dec	r17
 550:	09 f4       	brne	.+2      	; 0x554 <L0^A+0x2>

00000552 <L0^A>:
 552:	b5 cf       	rjmp	.-150    	; 0x4be <.L22>
 554:	c5 01       	movw	r24, r10
 556:	0e 94 98 04 	call	0x930	; 0x930 <fgetc>
 55a:	ec 01       	movw	r28, r24
 55c:	97 ff       	sbrs	r25, 7
 55e:	d1 cf       	rjmp	.-94     	; 0x502 <.L30>
 560:	ae cf       	rjmp	.-164    	; 0x4be <.L22>

00000562 <conv_brk>:
 562:	a0 e2       	ldi	r26, 0x20	; 32
 564:	b0 e0       	ldi	r27, 0x00	; 0
 566:	e7 eb       	ldi	r30, 0xB7	; 183
 568:	f2 e0       	ldi	r31, 0x02	; 2
 56a:	0c 94 f9 04 	jmp	0x9f2	; 0x9f2 <.Loc.2>

0000056e <.L1^B4>:
 56e:	4c 01       	movw	r8, r24
 570:	b6 2e       	mov	r11, r22
 572:	7a 01       	movw	r14, r20
 574:	ce 01       	movw	r24, r28
 576:	01 96       	adiw	r24, 0x01	; 1
 578:	3c 01       	movw	r6, r24
 57a:	80 e2       	ldi	r24, 0x20	; 32
 57c:	f3 01       	movw	r30, r6

0000057e <.L0^B1>:
 57e:	11 92       	st	Z+, r1
 580:	8a 95       	dec	r24
 582:	e9 f7       	brne	.-6      	; 0x57e <.L0^B1>
 584:	f4 01       	movw	r30, r8
 586:	b3 81       	ldd	r27, Z+3	; 0x03
 588:	89 01       	movw	r16, r18
 58a:	80 e0       	ldi	r24, 0x00	; 0
 58c:	90 e0       	ldi	r25, 0x00	; 0
 58e:	a0 e0       	ldi	r26, 0x00	; 0
 590:	50 e0       	ldi	r21, 0x00	; 0
 592:	70 e0       	ldi	r23, 0x00	; 0
 594:	21 e0       	ldi	r18, 0x01	; 1
 596:	30 e0       	ldi	r19, 0x00	; 0

00000598 <.L63>:
 598:	f8 01       	movw	r30, r16
 59a:	b3 fd       	sbrc	r27, 3
 59c:	45 91       	lpm	r20, Z+
 59e:	b3 ff       	sbrs	r27, 3
 5a0:	41 91       	ld	r20, Z+
 5a2:	64 2f       	mov	r22, r20
 5a4:	8f 01       	movw	r16, r30
 5a6:	41 11       	cpse	r20, r1
 5a8:	07 c0       	rjmp	.+14     	; 0x5b8 <.L53>

000005aa <.L72>:
 5aa:	00 e0       	ldi	r16, 0x00	; 0
 5ac:	10 e0       	ldi	r17, 0x00	; 0

000005ae <.L52>:
 5ae:	c8 01       	movw	r24, r16
 5b0:	a0 96       	adiw	r28, 0x20	; 32
 5b2:	e0 e1       	ldi	r30, 0x10	; 16
 5b4:	0c 94 15 05 	jmp	0xa2a	; 0xa2a <.Loc.2>

000005b8 <.L53>:
 5b8:	4e 35       	cpi	r20, 0x5E	; 94
 5ba:	11 f4       	brne	.+4      	; 0x5c0 <.L55>
 5bc:	00 97       	sbiw	r24, 0x00	; 0
 5be:	41 f1       	breq	.+80     	; 0x610 <.L74>

000005c0 <.L55>:
 5c0:	78 17       	cp	r23, r24
 5c2:	19 06       	cpc	r1, r25
 5c4:	fc f4       	brge	.+62     	; 0x604 <.L57>
 5c6:	4d 35       	cpi	r20, 0x5D	; 93
 5c8:	51 f1       	breq	.+84     	; 0x61e <.L58>
 5ca:	4d 32       	cpi	r20, 0x2D	; 45
 5cc:	d9 f4       	brne	.+54     	; 0x604 <.L57>
 5ce:	51 15       	cp	r21, r1
 5d0:	11 f1       	breq	.+68     	; 0x616 <.L75>

000005d2 <.L60>:
 5d2:	e6 2f       	mov	r30, r22
 5d4:	e6 95       	lsr	r30
 5d6:	e6 95       	lsr	r30
 5d8:	e6 95       	lsr	r30
 5da:	e6 0d       	add	r30, r6
 5dc:	f7 2d       	mov	r31, r7
 5de:	f1 1d       	adc	r31, r1
 5e0:	46 2f       	mov	r20, r22
 5e2:	47 70       	andi	r20, 0x07	; 7
 5e4:	29 01       	movw	r4, r18
 5e6:	02 c0       	rjmp	.+4      	; 0x5ec <.L2^B2>

000005e8 <.L1^B5>:
 5e8:	44 0c       	add	r4, r4
 5ea:	55 1c       	adc	r5, r5

000005ec <.L2^B2>:
 5ec:	4a 95       	dec	r20
 5ee:	e2 f7       	brpl	.-8      	; 0x5e8 <.L1^B5>
 5f0:	a2 01       	movw	r20, r4
 5f2:	50 81       	ld	r21, Z
 5f4:	45 2b       	or	r20, r21
 5f6:	40 83       	st	Z, r20
 5f8:	6a 17       	cp	r22, r26
 5fa:	79 f0       	breq	.+30     	; 0x61a <.L77>
 5fc:	6a 17       	cp	r22, r26
 5fe:	30 f4       	brcc	.+12     	; 0x60c <.L61>
 600:	6f 5f       	subi	r22, 0xFF	; 255
 602:	e7 cf       	rjmp	.-50     	; 0x5d2 <.L60>

00000604 <.L57>:
 604:	51 11       	cpse	r21, r1
 606:	e5 cf       	rjmp	.-54     	; 0x5d2 <.L60>
 608:	a4 2f       	mov	r26, r20
 60a:	e3 cf       	rjmp	.-58     	; 0x5d2 <.L60>

0000060c <.L61>:
 60c:	61 50       	subi	r22, 0x01	; 1
 60e:	e1 cf       	rjmp	.-62     	; 0x5d2 <.L60>

00000610 <.L74>:
 610:	71 e0       	ldi	r23, 0x01	; 1

00000612 <.L56>:
 612:	01 96       	adiw	r24, 0x01	; 1
 614:	c1 cf       	rjmp	.-126    	; 0x598 <.L63>

00000616 <.L75>:
 616:	51 e0       	ldi	r21, 0x01	; 1
 618:	fc cf       	rjmp	.-8      	; 0x612 <.L56>

0000061a <.L77>:
 61a:	50 e0       	ldi	r21, 0x00	; 0
 61c:	fa cf       	rjmp	.-12     	; 0x612 <.L56>

0000061e <.L58>:
 61e:	51 15       	cp	r21, r1
 620:	19 f0       	breq	.+6      	; 0x628 <.L64>
 622:	8e 81       	ldd	r24, Y+6	; 0x06
 624:	80 62       	ori	r24, 0x20	; 32
 626:	8e 83       	std	Y+6, r24	; 0x06

00000628 <.L64>:
 628:	71 15       	cp	r23, r1
 62a:	61 f0       	breq	.+24     	; 0x644 <.L65>
 62c:	f3 01       	movw	r30, r6
 62e:	9e 01       	movw	r18, r28
 630:	2f 5d       	subi	r18, 0xDF	; 223
 632:	3f 4f       	sbci	r19, 0xFF	; 255

00000634 <.L66>:
 634:	80 81       	ld	r24, Z
 636:	df 01       	movw	r26, r30
 638:	31 96       	adiw	r30, 0x01	; 1
 63a:	80 95       	com	r24
 63c:	8c 93       	st	X, r24
 63e:	e2 17       	cp	r30, r18
 640:	f3 07       	cpc	r31, r19
 642:	c1 f7       	brne	.-16     	; 0x634 <.L66>

00000644 <.L65>:
 644:	aa 24       	eor	r10, r10
 646:	a3 94       	inc	r10

00000648 <.L70>:
 648:	c4 01       	movw	r24, r8
 64a:	0e 94 98 04 	call	0x930	; 0x930 <fgetc>
 64e:	6c 01       	movw	r12, r24
 650:	97 fd       	sbrc	r25, 7
 652:	17 c0       	rjmp	.+46     	; 0x682 <.L67>
 654:	e8 2f       	mov	r30, r24
 656:	e6 95       	lsr	r30
 658:	e6 95       	lsr	r30
 65a:	e6 95       	lsr	r30
 65c:	e6 0d       	add	r30, r6
 65e:	f7 2d       	mov	r31, r7
 660:	f1 1d       	adc	r31, r1
 662:	80 81       	ld	r24, Z
 664:	90 e0       	ldi	r25, 0x00	; 0
 666:	96 01       	movw	r18, r12
 668:	27 70       	andi	r18, 0x07	; 7
 66a:	33 27       	eor	r19, r19
 66c:	02 c0       	rjmp	.+4      	; 0x672 <.L2^B3>

0000066e <.L1^B6>:
 66e:	95 95       	asr	r25
 670:	87 95       	ror	r24

00000672 <.L2^B3>:
 672:	2a 95       	dec	r18
 674:	e2 f7       	brpl	.-8      	; 0x66e <.L1^B6>
 676:	80 fd       	sbrc	r24, 0
 678:	07 c0       	rjmp	.+14     	; 0x688 <.L68>
 67a:	b4 01       	movw	r22, r8
 67c:	c6 01       	movw	r24, r12
 67e:	0e 94 db 04 	call	0x9b6	; 0x9b6 <ungetc>

00000682 <.L67>:
 682:	a1 14       	cp	r10, r1
 684:	59 f0       	breq	.+22     	; 0x69c <.L71>
 686:	91 cf       	rjmp	.-222    	; 0x5aa <.L72>

00000688 <.L68>:
 688:	e1 14       	cp	r14, r1
 68a:	f1 04       	cpc	r15, r1
 68c:	19 f0       	breq	.+6      	; 0x694 <.L69>
 68e:	f7 01       	movw	r30, r14
 690:	c1 92       	st	Z+, r12
 692:	7f 01       	movw	r14, r30

00000694 <.L69>:
 694:	ba 94       	dec	r11
 696:	a1 2c       	mov	r10, r1
 698:	b1 10       	cpse	r11, r1
 69a:	d6 cf       	rjmp	.-84     	; 0x648 <.L70>

0000069c <.L71>:
 69c:	e1 14       	cp	r14, r1
 69e:	f1 04       	cpc	r15, r1
 6a0:	09 f4       	brne	.+2      	; 0x6a4 <L0^A+0x2>

000006a2 <L0^A>:
 6a2:	85 cf       	rjmp	.-246    	; 0x5ae <.L52>
 6a4:	f7 01       	movw	r30, r14
 6a6:	10 82       	st	Z, r1
 6a8:	82 cf       	rjmp	.-252    	; 0x5ae <.L52>

000006aa <vfscanf>:
 6aa:	a5 e0       	ldi	r26, 0x05	; 5
 6ac:	b0 e0       	ldi	r27, 0x00	; 0
 6ae:	eb e5       	ldi	r30, 0x5B	; 91
 6b0:	f3 e0       	ldi	r31, 0x03	; 3
 6b2:	0c 94 f7 04 	jmp	0x9ee	; 0x9ee <__prologue_saves__>

000006b6 <.L1^B7>:
 6b6:	7c 01       	movw	r14, r24
 6b8:	6c 83       	std	Y+4, r22	; 0x04
 6ba:	7d 83       	std	Y+5, r23	; 0x05
 6bc:	4b 83       	std	Y+3, r20	; 0x03
 6be:	25 2e       	mov	r2, r21
 6c0:	fc 01       	movw	r30, r24
 6c2:	17 82       	std	Z+7, r1	; 0x07
 6c4:	16 82       	std	Z+6, r1	; 0x06
 6c6:	31 2c       	mov	r3, r1

000006c8 <.L93>:
 6c8:	f7 01       	movw	r30, r14
 6ca:	43 80       	ldd	r4, Z+3	; 0x03
 6cc:	ec 81       	ldd	r30, Y+4	; 0x04
 6ce:	fd 81       	ldd	r31, Y+5	; 0x05
 6d0:	43 fc       	sbrc	r4, 3
 6d2:	65 90       	lpm	r6, Z+
 6d4:	43 fe       	sbrs	r4, 3
 6d6:	61 90       	ld	r6, Z+
 6d8:	fd 83       	std	Y+5, r31	; 0x05
 6da:	ec 83       	std	Y+4, r30	; 0x04
 6dc:	61 14       	cp	r6, r1
 6de:	19 f1       	breq	.+70     	; 0x726 <.L169>
 6e0:	86 2d       	mov	r24, r6
 6e2:	90 e0       	ldi	r25, 0x00	; 0
 6e4:	0e 94 84 04 	call	0x908	; 0x908 <isspace>
 6e8:	89 2b       	or	r24, r25
 6ea:	21 f0       	breq	.+8      	; 0x6f4 <.L94>
 6ec:	c7 01       	movw	r24, r14
 6ee:	0e 94 0e 02 	call	0x41c	; 0x41c <skip_spaces>
 6f2:	ea cf       	rjmp	.-44     	; 0x6c8 <.L93>

000006f4 <.L94>:
 6f4:	f5 e2       	ldi	r31, 0x25	; 37
 6f6:	6f 12       	cpse	r6, r31
 6f8:	0b c0       	rjmp	.+22     	; 0x710 <.L96>
 6fa:	ec 81       	ldd	r30, Y+4	; 0x04
 6fc:	fd 81       	ldd	r31, Y+5	; 0x05
 6fe:	43 fc       	sbrc	r4, 3
 700:	75 90       	lpm	r7, Z+
 702:	43 fe       	sbrs	r4, 3
 704:	71 90       	ld	r7, Z+
 706:	fd 83       	std	Y+5, r31	; 0x05
 708:	ec 83       	std	Y+4, r30	; 0x04
 70a:	85 e2       	ldi	r24, 0x25	; 37
 70c:	78 12       	cpse	r7, r24
 70e:	0e c0       	rjmp	.+28     	; 0x72c <.L97>

00000710 <.L96>:
 710:	c7 01       	movw	r24, r14
 712:	0e 94 98 04 	call	0x930	; 0x930 <fgetc>
 716:	4c 01       	movw	r8, r24
 718:	97 fd       	sbrc	r25, 7
 71a:	aa c0       	rjmp	.+340    	; 0x870 <.L98>
 71c:	68 16       	cp	r6, r24
 71e:	a1 f2       	breq	.-88     	; 0x6c8 <.L93>
 720:	b7 01       	movw	r22, r14
 722:	0e 94 db 04 	call	0x9b6	; 0x9b6 <ungetc>

00000726 <.L169>:
 726:	83 2d       	mov	r24, r3
 728:	90 e0       	ldi	r25, 0x00	; 0
 72a:	a6 c0       	rjmp	.+332    	; 0x878 <.L92>

0000072c <.L97>:
 72c:	9a e2       	ldi	r25, 0x2A	; 42
 72e:	61 2c       	mov	r6, r1
 730:	79 12       	cpse	r7, r25
 732:	0a c0       	rjmp	.+20     	; 0x748 <.L100>
 734:	ec 81       	ldd	r30, Y+4	; 0x04
 736:	fd 81       	ldd	r31, Y+5	; 0x05
 738:	43 fc       	sbrc	r4, 3
 73a:	75 90       	lpm	r7, Z+
 73c:	43 fe       	sbrs	r4, 3
 73e:	71 90       	ld	r7, Z+
 740:	fd 83       	std	Y+5, r31	; 0x05
 742:	ec 83       	std	Y+4, r30	; 0x04
 744:	66 24       	eor	r6, r6
 746:	63 94       	inc	r6

00000748 <.L100>:
 748:	51 2c       	mov	r5, r1

0000074a <.L101>:
 74a:	20 ed       	ldi	r18, 0xD0	; 208
 74c:	27 0d       	add	r18, r7
 74e:	2a 30       	cpi	r18, 0x0A	; 10
 750:	78 f1       	brcs	.+94     	; 0x7b0 <.L102>
 752:	61 fe       	sbrs	r6, 1
 754:	40 c0       	rjmp	.+128    	; 0x7d6 <.L133>
 756:	51 14       	cp	r5, r1
 758:	31 f3       	breq	.-52     	; 0x726 <.L169>

0000075a <.L103>:
 75a:	e8 e6       	ldi	r30, 0x68	; 104
 75c:	7e 16       	cp	r7, r30
 75e:	09 f4       	brne	.+2      	; 0x762 <L0^A+0x2>

00000760 <L0^A>:
 760:	3d c0       	rjmp	.+122    	; 0x7dc <.L104>
 762:	fc e6       	ldi	r31, 0x6C	; 108
 764:	7f 16       	cp	r7, r31
 766:	09 f4       	brne	.+2      	; 0x76a <.L106>

00000768 <L0^A>:
 768:	46 c0       	rjmp	.+140    	; 0x7f6 <.L105>

0000076a <.L106>:
 76a:	71 14       	cp	r7, r1
 76c:	e1 f2       	breq	.-72     	; 0x726 <.L169>
 76e:	67 2d       	mov	r22, r7
 770:	70 e0       	ldi	r23, 0x00	; 0
 772:	88 e6       	ldi	r24, 0x68	; 104
 774:	90 e0       	ldi	r25, 0x00	; 0
 776:	0e 94 8d 04 	call	0x91a	; 0x91a <strchr_P>
 77a:	89 2b       	or	r24, r25
 77c:	a1 f2       	breq	.-88     	; 0x726 <.L169>
 77e:	00 e0       	ldi	r16, 0x00	; 0
 780:	10 e0       	ldi	r17, 0x00	; 0
 782:	60 fc       	sbrc	r6, 0
 784:	08 c0       	rjmp	.+16     	; 0x796 <.L108>
 786:	ab 80       	ldd	r10, Y+3	; 0x03
 788:	b2 2c       	mov	r11, r2
 78a:	f5 01       	movw	r30, r10
 78c:	01 91       	ld	r16, Z+
 78e:	11 91       	ld	r17, Z+
 790:	5f 01       	movw	r10, r30
 792:	eb 83       	std	Y+3, r30	; 0x03
 794:	2b 2c       	mov	r2, r11

00000796 <.L108>:
 796:	fe e6       	ldi	r31, 0x6E	; 110
 798:	7f 12       	cpse	r7, r31
 79a:	38 c0       	rjmp	.+112    	; 0x80c <.L109>
 79c:	f7 01       	movw	r30, r14
 79e:	46 81       	ldd	r20, Z+6	; 0x06
 7a0:	57 81       	ldd	r21, Z+7	; 0x07
 7a2:	60 e0       	ldi	r22, 0x00	; 0
 7a4:	70 e0       	ldi	r23, 0x00	; 0
 7a6:	26 2d       	mov	r18, r6
 7a8:	c8 01       	movw	r24, r16
 7aa:	0e 94 ce 01 	call	0x39c	; 0x39c <putval>
 7ae:	8c cf       	rjmp	.-232    	; 0x6c8 <.L93>

000007b0 <.L102>:
 7b0:	68 94       	set
 7b2:	61 f8       	bld	r6, 1
 7b4:	65 2d       	mov	r22, r5
 7b6:	70 e0       	ldi	r23, 0x00	; 0
 7b8:	80 e0       	ldi	r24, 0x00	; 0
 7ba:	90 e0       	ldi	r25, 0x00	; 0
 7bc:	40 e2       	ldi	r20, 0x20	; 32
 7be:	0e 94 e4 01 	call	0x3c8	; 0x3c8 <mulacc>
 7c2:	56 2e       	mov	r5, r22
 7c4:	ec 81       	ldd	r30, Y+4	; 0x04
 7c6:	fd 81       	ldd	r31, Y+5	; 0x05
 7c8:	43 fc       	sbrc	r4, 3
 7ca:	75 90       	lpm	r7, Z+
 7cc:	43 fe       	sbrs	r4, 3
 7ce:	71 90       	ld	r7, Z+
 7d0:	fd 83       	std	Y+5, r31	; 0x05
 7d2:	ec 83       	std	Y+4, r30	; 0x04
 7d4:	ba cf       	rjmp	.-140    	; 0x74a <.L101>

000007d6 <.L133>:
 7d6:	55 24       	eor	r5, r5
 7d8:	5a 94       	dec	r5
 7da:	bf cf       	rjmp	.-130    	; 0x75a <.L103>

000007dc <.L104>:
 7dc:	ec 81       	ldd	r30, Y+4	; 0x04
 7de:	fd 81       	ldd	r31, Y+5	; 0x05
 7e0:	43 fc       	sbrc	r4, 3
 7e2:	75 90       	lpm	r7, Z+
 7e4:	43 fe       	sbrs	r4, 3
 7e6:	71 90       	ld	r7, Z+
 7e8:	fd 83       	std	Y+5, r31	; 0x05
 7ea:	ec 83       	std	Y+4, r30	; 0x04
 7ec:	88 e6       	ldi	r24, 0x68	; 104
 7ee:	78 12       	cpse	r7, r24
 7f0:	bc cf       	rjmp	.-136    	; 0x76a <.L106>
 7f2:	68 94       	set
 7f4:	63 f8       	bld	r6, 3

000007f6 <.L105>:
 7f6:	68 94       	set
 7f8:	62 f8       	bld	r6, 2
 7fa:	ec 81       	ldd	r30, Y+4	; 0x04
 7fc:	fd 81       	ldd	r31, Y+5	; 0x05
 7fe:	43 fc       	sbrc	r4, 3
 800:	75 90       	lpm	r7, Z+
 802:	43 fe       	sbrs	r4, 3
 804:	71 90       	ld	r7, Z+
 806:	fd 83       	std	Y+5, r31	; 0x05
 808:	ec 83       	std	Y+4, r30	; 0x04
 80a:	af cf       	rjmp	.-162    	; 0x76a <.L106>

0000080c <.L109>:
 80c:	f3 e6       	ldi	r31, 0x63	; 99
 80e:	7f 12       	cpse	r7, r31
 810:	19 c0       	rjmp	.+50     	; 0x844 <.L110>
 812:	61 fc       	sbrc	r6, 1
 814:	02 c0       	rjmp	.+4      	; 0x81a <.L113>
 816:	55 24       	eor	r5, r5
 818:	53 94       	inc	r5

0000081a <.L113>:
 81a:	c7 01       	movw	r24, r14
 81c:	0e 94 98 04 	call	0x930	; 0x930 <fgetc>
 820:	89 83       	std	Y+1, r24	; 0x01
 822:	9a 83       	std	Y+2, r25	; 0x02
 824:	89 81       	ldd	r24, Y+1	; 0x01
 826:	9a 81       	ldd	r25, Y+2	; 0x02
 828:	97 fd       	sbrc	r25, 7
 82a:	22 c0       	rjmp	.+68     	; 0x870 <.L98>
 82c:	01 15       	cp	r16, r1
 82e:	11 05       	cpc	r17, r1
 830:	19 f0       	breq	.+6      	; 0x838 <.L112>
 832:	f8 01       	movw	r30, r16
 834:	81 93       	st	Z+, r24
 836:	8f 01       	movw	r16, r30

00000838 <.L112>:
 838:	5a 94       	dec	r5
 83a:	79 f7       	brne	.-34     	; 0x81a <.L113>

0000083c <.L116>:
 83c:	60 fc       	sbrc	r6, 0
 83e:	44 cf       	rjmp	.-376    	; 0x6c8 <.L93>
 840:	33 94       	inc	r3
 842:	42 cf       	rjmp	.-380    	; 0x6c8 <.L93>

00000844 <.L110>:
 844:	9b e5       	ldi	r25, 0x5B	; 91
 846:	79 12       	cpse	r7, r25
 848:	1b c0       	rjmp	.+54     	; 0x880 <.L115>
 84a:	2c 81       	ldd	r18, Y+4	; 0x04
 84c:	3d 81       	ldd	r19, Y+5	; 0x05
 84e:	a8 01       	movw	r20, r16
 850:	65 2d       	mov	r22, r5
 852:	c7 01       	movw	r24, r14
 854:	0e 94 b1 02 	call	0x562	; 0x562 <conv_brk>
 858:	8c 83       	std	Y+4, r24	; 0x04
 85a:	9d 83       	std	Y+5, r25	; 0x05
 85c:	ec 81       	ldd	r30, Y+4	; 0x04
 85e:	fd 81       	ldd	r31, Y+5	; 0x05
 860:	ef 2b       	or	r30, r31

00000862 <.L168>:
 862:	61 f7       	brne	.-40     	; 0x83c <.L116>
 864:	f7 01       	movw	r30, r14
 866:	83 81       	ldd	r24, Z+3	; 0x03
 868:	80 73       	andi	r24, 0x30	; 48
 86a:	81 15       	cp	r24, r1
 86c:	09 f4       	brne	.+2      	; 0x870 <.L98>

0000086e <L0^A>:
 86e:	5b cf       	rjmp	.-330    	; 0x726 <.L169>

00000870 <.L98>:
 870:	8f ef       	ldi	r24, 0xFF	; 255
 872:	9f ef       	ldi	r25, 0xFF	; 255
 874:	31 10       	cpse	r3, r1
 876:	57 cf       	rjmp	.-338    	; 0x726 <.L169>

00000878 <.L92>:
 878:	25 96       	adiw	r28, 0x05	; 5
 87a:	e2 e1       	ldi	r30, 0x12	; 18
 87c:	0c 94 13 05 	jmp	0xa26	; 0xa26 <__epilogue_restores__>

00000880 <.L115>:
 880:	c7 01       	movw	r24, r14
 882:	0e 94 0e 02 	call	0x41c	; 0x41c <skip_spaces>
 886:	97 fd       	sbrc	r25, 7
 888:	f3 cf       	rjmp	.-26     	; 0x870 <.L98>
 88a:	ff e6       	ldi	r31, 0x6F	; 111
 88c:	7f 16       	cp	r7, r31
 88e:	c9 f1       	breq	.+114    	; 0x902 <.L117>
 890:	80 e7       	ldi	r24, 0x70	; 112
 892:	78 16       	cp	r7, r24
 894:	48 f4       	brcc	.+18     	; 0x8a8 <.L118>
 896:	94 e6       	ldi	r25, 0x64	; 100
 898:	79 16       	cp	r7, r25
 89a:	61 f0       	breq	.+24     	; 0x8b4 <.L119>
 89c:	e9 e6       	ldi	r30, 0x69	; 105
 89e:	7e 16       	cp	r7, r30
 8a0:	59 f0       	breq	.+22     	; 0x8b8 <.L120>

000008a2 <.L121>:
 8a2:	68 94       	set
 8a4:	66 f8       	bld	r6, 6
 8a6:	08 c0       	rjmp	.+16     	; 0x8b8 <.L120>

000008a8 <.L118>:
 8a8:	f3 e7       	ldi	r31, 0x73	; 115
 8aa:	7f 16       	cp	r7, r31
 8ac:	a9 f0       	breq	.+42     	; 0x8d8 <.L122>
 8ae:	85 e7       	ldi	r24, 0x75	; 117
 8b0:	78 12       	cpse	r7, r24
 8b2:	f7 cf       	rjmp	.-18     	; 0x8a2 <.L121>

000008b4 <.L119>:
 8b4:	68 94       	set
 8b6:	65 f8       	bld	r6, 5

000008b8 <.L120>:
 8b8:	26 2d       	mov	r18, r6
 8ba:	a8 01       	movw	r20, r16
 8bc:	65 2d       	mov	r22, r5
 8be:	c7 01       	movw	r24, r14
 8c0:	0e 94 27 02 	call	0x44e	; 0x44e <conv_int>
 8c4:	81 15       	cp	r24, r1
 8c6:	cd cf       	rjmp	.-102    	; 0x862 <.L168>

000008c8 <.L124>:
 8c8:	01 15       	cp	r16, r1
 8ca:	11 05       	cpc	r17, r1
 8cc:	19 f0       	breq	.+6      	; 0x8d4 <.L125>
 8ce:	f8 01       	movw	r30, r16
 8d0:	c1 92       	st	Z+, r12
 8d2:	8f 01       	movw	r16, r30

000008d4 <.L125>:
 8d4:	5a 94       	dec	r5
 8d6:	71 f0       	breq	.+28     	; 0x8f4 <.L126>

000008d8 <.L122>:
 8d8:	c7 01       	movw	r24, r14
 8da:	0e 94 98 04 	call	0x930	; 0x930 <fgetc>
 8de:	6c 01       	movw	r12, r24
 8e0:	97 fd       	sbrc	r25, 7
 8e2:	08 c0       	rjmp	.+16     	; 0x8f4 <.L126>
 8e4:	0e 94 84 04 	call	0x908	; 0x908 <isspace>
 8e8:	89 2b       	or	r24, r25
 8ea:	71 f3       	breq	.-36     	; 0x8c8 <.L124>
 8ec:	b7 01       	movw	r22, r14
 8ee:	c6 01       	movw	r24, r12
 8f0:	0e 94 db 04 	call	0x9b6	; 0x9b6 <ungetc>

000008f4 <.L126>:
 8f4:	01 15       	cp	r16, r1
 8f6:	11 05       	cpc	r17, r1
 8f8:	09 f4       	brne	.+2      	; 0x8fc <L0^A+0x2>

000008fa <L0^A>:
 8fa:	a0 cf       	rjmp	.-192    	; 0x83c <.L116>
 8fc:	f8 01       	movw	r30, r16
 8fe:	10 82       	st	Z, r1
 900:	9d cf       	rjmp	.-198    	; 0x83c <.L116>

00000902 <.L117>:
 902:	68 94       	set
 904:	64 f8       	bld	r6, 4
 906:	d8 cf       	rjmp	.-80     	; 0x8b8 <.L120>

00000908 <isspace>:
 908:	91 11       	cpse	r25, r1

0000090a <.L1^B1>:
 90a:	0c 94 f4 04 	jmp	0x9e8	; 0x9e8 <__ctype_isfalse>
 90e:	80 32       	cpi	r24, 0x20	; 32
 910:	19 f0       	breq	.+6      	; 0x918 <.L2^B1>
 912:	89 50       	subi	r24, 0x09	; 9
 914:	85 50       	subi	r24, 0x05	; 5
 916:	c8 f7       	brcc	.-14     	; 0x90a <.L1^B1>

00000918 <.L2^B1>:
 918:	08 95       	ret

0000091a <strchr_P>:
 91a:	fc 01       	movw	r30, r24

0000091c <.L1^B1>:
 91c:	05 90       	lpm	r0, Z+
 91e:	06 16       	cp	r0, r22
 920:	21 f0       	breq	.+8      	; 0x92a <.L2^B1>
 922:	00 20       	and	r0, r0
 924:	d9 f7       	brne	.-10     	; 0x91c <.L1^B1>
 926:	c0 01       	movw	r24, r0
 928:	08 95       	ret

0000092a <.L2^B1>:
 92a:	31 97       	sbiw	r30, 0x01	; 1
 92c:	cf 01       	movw	r24, r30
 92e:	08 95       	ret

00000930 <fgetc>:
 930:	0f 93       	push	r16
 932:	1f 93       	push	r17
 934:	cf 93       	push	r28
 936:	df 93       	push	r29
 938:	ec 01       	movw	r28, r24
 93a:	8b 81       	ldd	r24, Y+3	; 0x03
 93c:	80 ff       	sbrs	r24, 0
 93e:	1d c0       	rjmp	.+58     	; 0x97a <.L2>
 940:	86 ff       	sbrs	r24, 6
 942:	0e c0       	rjmp	.+28     	; 0x960 <.L3>
 944:	8f 7b       	andi	r24, 0xBF	; 191
 946:	8b 83       	std	Y+3, r24	; 0x03
 948:	8e 81       	ldd	r24, Y+6	; 0x06
 94a:	9f 81       	ldd	r25, Y+7	; 0x07
 94c:	01 96       	adiw	r24, 0x01	; 1
 94e:	9f 83       	std	Y+7, r25	; 0x07
 950:	8e 83       	std	Y+6, r24	; 0x06
 952:	8a 81       	ldd	r24, Y+2	; 0x02
 954:	90 e0       	ldi	r25, 0x00	; 0

00000956 <.L1>:
 956:	df 91       	pop	r29
 958:	cf 91       	pop	r28
 95a:	1f 91       	pop	r17
 95c:	0f 91       	pop	r16
 95e:	08 95       	ret

00000960 <.L3>:
 960:	82 ff       	sbrs	r24, 2
 962:	19 c0       	rjmp	.+50     	; 0x996 <.L5>
 964:	e8 81       	ld	r30, Y
 966:	f9 81       	ldd	r31, Y+1	; 0x01
 968:	90 81       	ld	r25, Z
 96a:	09 2f       	mov	r16, r25
 96c:	09 2e       	mov	r0, r25
 96e:	00 0c       	add	r0, r0
 970:	11 0b       	sbc	r17, r17
 972:	91 11       	cpse	r25, r1
 974:	05 c0       	rjmp	.+10     	; 0x980 <.L6>
 976:	80 62       	ori	r24, 0x20	; 32

00000978 <.L13>:
 978:	8b 83       	std	Y+3, r24	; 0x03

0000097a <.L2>:
 97a:	8f ef       	ldi	r24, 0xFF	; 255
 97c:	9f ef       	ldi	r25, 0xFF	; 255
 97e:	eb cf       	rjmp	.-42     	; 0x956 <.L1>

00000980 <.L6>:
 980:	31 96       	adiw	r30, 0x01	; 1
 982:	f9 83       	std	Y+1, r31	; 0x01
 984:	e8 83       	st	Y, r30

00000986 <.L7>:
 986:	8e 81       	ldd	r24, Y+6	; 0x06
 988:	9f 81       	ldd	r25, Y+7	; 0x07
 98a:	01 96       	adiw	r24, 0x01	; 1
 98c:	9f 83       	std	Y+7, r25	; 0x07
 98e:	8e 83       	std	Y+6, r24	; 0x06
 990:	c8 01       	movw	r24, r16
 992:	99 27       	eor	r25, r25
 994:	e0 cf       	rjmp	.-64     	; 0x956 <.L1>

00000996 <.L5>:
 996:	ea 85       	ldd	r30, Y+10	; 0x0a
 998:	fb 85       	ldd	r31, Y+11	; 0x0b
 99a:	ce 01       	movw	r24, r28
 99c:	09 95       	icall
 99e:	8c 01       	movw	r16, r24
 9a0:	97 ff       	sbrs	r25, 7
 9a2:	f1 cf       	rjmp	.-30     	; 0x986 <.L7>
 9a4:	8b 81       	ldd	r24, Y+3	; 0x03
 9a6:	0f 3f       	cpi	r16, 0xFF	; 255
 9a8:	1f 4f       	sbci	r17, 0xFF	; 255
 9aa:	19 f4       	brne	.+6      	; 0x9b2 <.L9>
 9ac:	90 e1       	ldi	r25, 0x10	; 16

000009ae <.L8>:
 9ae:	89 2b       	or	r24, r25
 9b0:	e3 cf       	rjmp	.-58     	; 0x978 <.L13>

000009b2 <.L9>:
 9b2:	90 e2       	ldi	r25, 0x20	; 32
 9b4:	fc cf       	rjmp	.-8      	; 0x9ae <.L8>

000009b6 <ungetc>:
 9b6:	9c 01       	movw	r18, r24
 9b8:	fb 01       	movw	r30, r22
 9ba:	83 81       	ldd	r24, Z+3	; 0x03
 9bc:	80 ff       	sbrs	r24, 0
 9be:	11 c0       	rjmp	.+34     	; 0x9e2 <.L4>
 9c0:	86 fd       	sbrc	r24, 6
 9c2:	0f c0       	rjmp	.+30     	; 0x9e2 <.L4>
 9c4:	2f 3f       	cpi	r18, 0xFF	; 255
 9c6:	32 07       	cpc	r19, r18
 9c8:	51 f0       	breq	.+20     	; 0x9de <.L2>
 9ca:	22 83       	std	Z+2, r18	; 0x02
 9cc:	8f 7d       	andi	r24, 0xDF	; 223
 9ce:	80 64       	ori	r24, 0x40	; 64
 9d0:	83 83       	std	Z+3, r24	; 0x03
 9d2:	86 81       	ldd	r24, Z+6	; 0x06
 9d4:	97 81       	ldd	r25, Z+7	; 0x07
 9d6:	01 97       	sbiw	r24, 0x01	; 1
 9d8:	97 83       	std	Z+7, r25	; 0x07
 9da:	86 83       	std	Z+6, r24	; 0x06
 9dc:	33 27       	eor	r19, r19

000009de <.L2>:
 9de:	c9 01       	movw	r24, r18
 9e0:	08 95       	ret

000009e2 <.L4>:
 9e2:	2f ef       	ldi	r18, 0xFF	; 255
 9e4:	3f ef       	ldi	r19, 0xFF	; 255
 9e6:	fb cf       	rjmp	.-10     	; 0x9de <.L2>

000009e8 <__ctype_isfalse>:
 9e8:	99 27       	eor	r25, r25
 9ea:	88 27       	eor	r24, r24

000009ec <__ctype_istrue>:
 9ec:	08 95       	ret

000009ee <__prologue_saves__>:
 9ee:	2f 92       	push	r2

000009f0 <.Loc.1>:
 9f0:	3f 92       	push	r3

000009f2 <.Loc.2>:
 9f2:	4f 92       	push	r4

000009f4 <.Loc.3>:
 9f4:	5f 92       	push	r5

000009f6 <.Loc.4>:
 9f6:	6f 92       	push	r6

000009f8 <.Loc.5>:
 9f8:	7f 92       	push	r7

000009fa <.Loc.6>:
 9fa:	8f 92       	push	r8

000009fc <.Loc.7>:
 9fc:	9f 92       	push	r9

000009fe <.Loc.8>:
 9fe:	af 92       	push	r10

00000a00 <.Loc.9>:
 a00:	bf 92       	push	r11

00000a02 <.Loc.10>:
 a02:	cf 92       	push	r12

00000a04 <.Loc.11>:
 a04:	df 92       	push	r13

00000a06 <.Loc.12>:
 a06:	ef 92       	push	r14

00000a08 <.Loc.13>:
 a08:	ff 92       	push	r15

00000a0a <.Loc.14>:
 a0a:	0f 93       	push	r16

00000a0c <.Loc.15>:
 a0c:	1f 93       	push	r17

00000a0e <.Loc.16>:
 a0e:	cf 93       	push	r28

00000a10 <.Loc.17>:
 a10:	df 93       	push	r29

00000a12 <.Loc.18>:
 a12:	cd b7       	in	r28, 0x3d	; 61

00000a14 <.Loc.19>:
 a14:	de b7       	in	r29, 0x3e	; 62

00000a16 <.Loc.20>:
 a16:	ca 1b       	sub	r28, r26

00000a18 <.Loc.21>:
 a18:	db 0b       	sbc	r29, r27

00000a1a <.Loc.22>:
 a1a:	0f b6       	in	r0, 0x3f	; 63

00000a1c <.Loc.23>:
 a1c:	f8 94       	cli

00000a1e <.Loc.24>:
 a1e:	de bf       	out	0x3e, r29	; 62

00000a20 <.Loc.25>:
 a20:	0f be       	out	0x3f, r0	; 63

00000a22 <.Loc.26>:
 a22:	cd bf       	out	0x3d, r28	; 61

00000a24 <.Loc.27>:
 a24:	09 94       	ijmp

00000a26 <__epilogue_restores__>:
 a26:	2a 88       	ldd	r2, Y+18	; 0x12

00000a28 <.Loc.1>:
 a28:	39 88       	ldd	r3, Y+17	; 0x11

00000a2a <.Loc.2>:
 a2a:	48 88       	ldd	r4, Y+16	; 0x10

00000a2c <.Loc.3>:
 a2c:	5f 84       	ldd	r5, Y+15	; 0x0f

00000a2e <.Loc.4>:
 a2e:	6e 84       	ldd	r6, Y+14	; 0x0e

00000a30 <.Loc.5>:
 a30:	7d 84       	ldd	r7, Y+13	; 0x0d

00000a32 <.Loc.6>:
 a32:	8c 84       	ldd	r8, Y+12	; 0x0c

00000a34 <.Loc.7>:
 a34:	9b 84       	ldd	r9, Y+11	; 0x0b

00000a36 <.Loc.8>:
 a36:	aa 84       	ldd	r10, Y+10	; 0x0a

00000a38 <.Loc.9>:
 a38:	b9 84       	ldd	r11, Y+9	; 0x09

00000a3a <.Loc.10>:
 a3a:	c8 84       	ldd	r12, Y+8	; 0x08

00000a3c <.Loc.11>:
 a3c:	df 80       	ldd	r13, Y+7	; 0x07

00000a3e <.Loc.12>:
 a3e:	ee 80       	ldd	r14, Y+6	; 0x06

00000a40 <.Loc.13>:
 a40:	fd 80       	ldd	r15, Y+5	; 0x05

00000a42 <.Loc.14>:
 a42:	0c 81       	ldd	r16, Y+4	; 0x04

00000a44 <.Loc.15>:
 a44:	1b 81       	ldd	r17, Y+3	; 0x03

00000a46 <.Loc.16>:
 a46:	aa 81       	ldd	r26, Y+2	; 0x02

00000a48 <.Loc.17>:
 a48:	b9 81       	ldd	r27, Y+1	; 0x01

00000a4a <.Loc.18>:
 a4a:	ce 0f       	add	r28, r30

00000a4c <.Loc.19>:
 a4c:	d1 1d       	adc	r29, r1

00000a4e <.Loc.20>:
 a4e:	0f b6       	in	r0, 0x3f	; 63

00000a50 <.Loc.21>:
 a50:	f8 94       	cli

00000a52 <.Loc.22>:
 a52:	de bf       	out	0x3e, r29	; 62

00000a54 <.Loc.23>:
 a54:	0f be       	out	0x3f, r0	; 63

00000a56 <.Loc.24>:
 a56:	cd bf       	out	0x3d, r28	; 61

00000a58 <.Loc.25>:
 a58:	ed 01       	movw	r28, r26

00000a5a <.Loc.26>:
 a5a:	08 95       	ret

00000a5c <_exit>:
 a5c:	f8 94       	cli

00000a5e <__stop_program>:
 a5e:	ff cf       	rjmp	.-2      	; 0xa5e <__stop_program>
