(-54.63518524169922, 'wprost uwielbiał słuchać o wartościach własnych macierzy')
(-54.63518524169922, 'wprost uwielbiał słuchać o wartościach własnych macierzy')
(-54.63518524169922, 'wprost uwielbiał słuchać o wartościach własnych macierzy')
(-54.63518524169922, 'wprost uwielbiał słuchać o wartościach własnych macierzy')
(-54.63518524169922, 'wprost uwielbiał słuchać o wartościach własnych macierzy')
(-54.63518524169922, 'wprost uwielbiał słuchać o wartościach własnych macierzy')
(-54.63518524169922, 'wprost uwielbiał słuchać o wartościach własnych macierzy')
(-54.63518524169922, 'wprost uwielbiał słuchać o wartościach własnych macierzy')
(-54.63518524169922, 'wprost uwielbiał słuchać o wartościach własnych macierzy')
(-54.63518524169922, 'wprost uwielbiał słuchać o wartościach własnych macierzy')
(-54.63518524169922, 'wprost uwielbiał słuchać o wartościach własnych macierzy')
(-54.63518524169922, 'wprost uwielbiał słuchać o wartościach własnych macierzy')
(-54.63518524169922, 'wprost uwielbiał słuchać o wartościach własnych macierzy')
(-54.63518524169922, 'wprost uwielbiał słuchać o wartościach własnych macierzy')
(-54.63518524169922, 'wprost uwielbiał słuchać o wartościach własnych macierzy')
(-54.63518524169922, 'wprost uwielbiał słuchać o wartościach własnych macierzy')
(-54.63518524169922, 'wprost uwielbiał słuchać o wartościach własnych macierzy')
(-54.63518524169922, 'wprost uwielbiał słuchać o wartościach własnych macierzy')
(-54.63518524169922, 'wprost uwielbiał słuchać o wartościach własnych macierzy')
(-54.63518524169922, 'wprost uwielbiał słuchać o wartościach własnych macierzy')
(-54.63518524169922, 'wprost uwielbiał słuchać o wartościach własnych macierzy')
(-54.63518524169922, 'wprost uwielbiał słuchać o wartościach własnych macierzy')
(-54.63518524169922, 'wprost uwielbiał słuchać o wartościach własnych macierzy')
(-54.63518524169922, 'wprost uwielbiał słuchać o wartościach własnych macierzy')
(-54.63518524169922, 'wprost uwielbiał słuchać o wartościach własnych macierzy')
(-54.63518524169922, 'wprost uwielbiał słuchać o wartościach własnych macierzy')
(-54.63518524169922, 'wprost uwielbiał słuchać o wartościach własnych macierzy')
(-54.63518524169922, 'wprost uwielbiał słuchać o wartościach własnych macierzy')
(-54.63518524169922, 'wprost uwielbiał słuchać o wartościach własnych macierzy')
(-54.63518524169922, 'wprost uwielbiał słuchać o wartościach własnych macierzy')
(-54.63518524169922, 'wprost uwielbiał słuchać o wartościach własnych macierzy')
(-54.63518524169922, 'wprost uwielbiał słuchać o wartościach własnych macierzy')
(-55.79424285888672, 'wprost uwielbiała słuchać o wartościach własnych macierzy')
(-58.46400833129883, 'wprost uwielbiał słuchać o wartościach własnych mocarzy')
(-58.46400833129883, 'wprost uwielbiał słuchać o wartościach własnych mocarzy')
(-61.47737121582031, 'wprost uwielbiał słuchać o wartościach własnych macierz')
(-62.22956085205078, 'wyprosty uwielbiał słuchać o wartościach własnych macierzy')
(-64.48051452636719, 'wprost uwielbiał słuchać i wartościach własnych macierzy')
(-64.48051452636719, 'wprost uwielbiał słuchać i wartościach własnych macierzy')
(-64.48051452636719, 'wprost uwielbiał słuchać i wartościach własnych macierzy')
(-64.48051452636719, 'wprost uwielbiał słuchać i wartościach własnych macierzy')
(-64.7376708984375, 'wprost uwielbiała słuchać i wartościach własnych macierzy')
(-66.48886108398438, 'wprost uwielbiały słychać o wartościach własnych macierzy')
(-67.70886993408203, 'wprost uwielbiał słuchać a wartościach własnych macierzy')
(-69.42062377929688, 'wyprosty uwielbiał słuchać i wartościach własnych macierzy')
